\BOOKMARK [0][-]{chapter*.2}{Introduction}{}% 1
\BOOKMARK [0][-]{chapter.1}{Equilibrium interface dynamics}{}% 2
\BOOKMARK [1][-]{section.1.1}{Introduction}{chapter.1}% 3
\BOOKMARK [1][-]{section.1.2}{Statics of systems with a finite number of degrees of freedom}{chapter.1}% 4
\BOOKMARK [1][-]{section.1.3}{Statistical field theory}{chapter.1}% 5
\BOOKMARK [2][-]{subsection.1.3.1}{Surface tension}{section.1.3}% 6
\BOOKMARK [1][-]{section.1.4}{Models for equilibrium interfaces}{chapter.1}% 7
\BOOKMARK [1][-]{section.1.5}{Effective dynamics of interface heights}{chapter.1}% 8
\BOOKMARK [2][-]{subsection.1.5.1}{Model A dynamics}{section.1.5}% 9
\BOOKMARK [2][-]{subsection.1.5.2}{Model B dynamics}{section.1.5}% 10
\BOOKMARK [1][-]{section.1.6}{Systems driven by imposed hydrodynamic flows}{chapter.1}% 11
\BOOKMARK [1][-]{section.1.7}{Lattice models}{chapter.1}% 12
\BOOKMARK [2][-]{subsection.1.7.1}{Le mod\350le d'Ising}{section.1.7}% 13
\BOOKMARK [2][-]{subsection.1.7.2}{Mod\350le Solid-On-Solid}{section.1.7}% 14
\BOOKMARK [2][-]{subsection.1.7.3}{Matrice de Transfert}{section.1.7}% 15
\BOOKMARK [1][-]{section.1.8}{Conclusion}{chapter.1}% 16
\BOOKMARK [0][-]{chapter.2}{M\351thodes num\351riques}{}% 17
\BOOKMARK [1][-]{section.2.1}{Estimateur}{chapter.2}% 18
\BOOKMARK [1][-]{section.2.2}{Algorithme de Monte Carlo Metropolis}{chapter.2}% 19
\BOOKMARK [2][-]{subsection.2.2.1}{Algorithme de Glauber}{section.2.2}% 20
\BOOKMARK [2][-]{subsection.2.2.2}{Algorithme de Kawasaki}{section.2.2}% 21
\BOOKMARK [1][-]{section.2.3}{Computing size depenedent free energy}{chapter.2}% 22
\BOOKMARK [2][-]{subsection.2.3.1}{The Layer method}{section.2.3}% 23
\BOOKMARK [2][-]{subsection.2.3.2}{The Lopes Cardozo method}{section.2.3}% 24
\BOOKMARK [1][-]{section.2.4}{Tips and tricks}{chapter.2}% 25
\BOOKMARK [1][-]{section.2.5}{Conclusion}{chapter.2}% 26
\BOOKMARK [0][-]{chapter.3}{Equilibrium Interface models and their finite size effects}{}% 27
\BOOKMARK [1][-]{section.3.1}{The Casimir effect}{chapter.3}% 28
\BOOKMARK [2][-]{subsection.3.1.1}{Quantum Casimir effect}{section.3.1}% 29
\BOOKMARK [2][-]{subsection.3.1.2}{Lifshitz Theory}{section.3.1}% 30
\BOOKMARK [2][-]{subsection.3.1.3}{Critical Casimir effect}{section.3.1}% 31
\BOOKMARK [1][-]{section.3.2}{Finite size scaling in one dimensional interface models}{chapter.3}% 32
\BOOKMARK [2][-]{subsection.3.2.1}{Continuous models in one dimension}{section.3.2}% 33
\BOOKMARK [2][-]{subsection.3.2.2}{The confined elastic line}{section.3.2}% 34
\BOOKMARK [2][-]{subsection.3.2.3}{The Airy line}{section.3.2}% 35
\BOOKMARK [1][-]{section.3.3}{The confined solid on solid model}{chapter.3}% 36
\BOOKMARK [2][-]{subsection.3.3.1}{Numerical tests of finite size dependence}{section.3.3}% 37
\BOOKMARK [0][-]{chapter.4}{Driven model C interfaces}{}% 38
\BOOKMARK [1][-]{section.4.1}{Introduction}{chapter.4}% 39
\BOOKMARK [1][-]{section.4.2}{The underling two field model}{chapter.4}% 40
\BOOKMARK [1][-]{section.4.3}{Effective interface dynamics}{chapter.4}% 41
\BOOKMARK [1][-]{section.4.4}{A model of active interfaces}{chapter.4}% 42
\BOOKMARK [1][-]{section.4.5}{Conclusions}{chapter.4}% 43
\BOOKMARK [0][-]{chapter.5}{Beyond Solid-On-Solid : the Particles-Over-Particles model}{}% 44
\BOOKMARK [0][-]{appendix.A}{Evaluating Fourier integrals}{}% 45
