This is pdfTeX, Version 3.14159265-2.6-1.40.20 (TeX Live 2019/Debian) (preloaded format=pdflatex 2020.3.19)  1 MAY 2020 16:15
entering extended mode
 restricted \write18 enabled.
 %&-line parsing enabled.
**main.tex
(./main.tex
LaTeX2e <2018-12-01>
(/usr/share/texlive/texmf-dist/tex/latex/base/book.cls
Document Class: book 2018/09/03 v1.4i Standard LaTeX document class
(/usr/share/texlive/texmf-dist/tex/latex/base/bk11.clo
File: bk11.clo 2018/09/03 v1.4i Standard LaTeX file (size option)
)
\c@part=\count80
\c@chapter=\count81
\c@section=\count82
\c@subsection=\count83
\c@subsubsection=\count84
\c@paragraph=\count85
\c@subparagraph=\count86
\c@figure=\count87
\c@table=\count88
\abovecaptionskip=\skip41
\belowcaptionskip=\skip42
\bibindent=\dimen102
)
(/usr/share/texlive/texmf-dist/tex/latex/base/inputenc.sty
Package: inputenc 2018/08/11 v1.3c Input encoding file
\inpenc@prehook=\toks14
\inpenc@posthook=\toks15
)
(/usr/share/texlive/texmf-dist/tex/generic/babel/babel.sty
Package: babel 2019/06/03 3.32 The Babel package

(/usr/share/texlive/texmf-dist/tex/generic/babel/switch.def
File: switch.def 2019/06/03 3.32 Babel switching mechanism
)
(/usr/share/texlive/texmf-dist/tex/generic/babel-french/frenchb.ldf
Language: frenchb 2019/03/30 v3.5e French support from the babel system


Package babel-french Warning: Option `frenchb' for Babel is *deprecated*,
(babel-french)                it might be removed sooner or later. Please
(babel-french)                use `french' instead; reported on input line 35.

(/usr/share/texlive/texmf-dist/tex/generic/babel-french/french.ldf
Language: french 2019/03/30 v3.5e French support from the babel system

(/usr/share/texlive/texmf-dist/tex/generic/babel/babel.def
File: babel.def 2019/06/03 3.32 Babel common definitions
\babel@savecnt=\count89
\U@D=\dimen103

(/usr/share/texlive/texmf-dist/tex/generic/babel/txtbabel.def)
\bbl@dirlevel=\count90
)
\l@acadian = a dialect from \language\l@french 
\FB@nonchar=\count91
Package babel Info: Making : an active character on input line 414.
Package babel Info: Making ; an active character on input line 415.
Package babel Info: Making ! an active character on input line 416.
Package babel Info: Making ? an active character on input line 417.
\FBguill@level=\count92
\FBold@everypar=\toks16
\FB@Mht=\dimen104
\mc@charclass=\count93
\mc@charfam=\count94
\mc@charslot=\count95
\std@mcc=\count96
\dec@mcc=\count97
\c@FBcaption@count=\count98
\listindentFB=\dimen105
\descindentFB=\dimen106
\labelindentFB=\dimen107
\labelwidthFB=\dimen108
\leftmarginFB=\dimen109
\parindentFFN=\dimen110
\FBfnindent=\dimen111
)))
(/usr/share/texlive/texmf-dist/tex/latex/carlisle/scalefnt.sty)
(/usr/share/texlive/texmf-dist/tex/latex/graphics/keyval.sty
Package: keyval 2014/10/28 v1.15 key=value parser (DPC)
\KV@toks@=\toks17
)
(/usr/share/texlive/texmf-dist/tex/latex/base/fontenc.sty
Package: fontenc 2018/08/11 v2.0j Standard LaTeX package

(/usr/share/texlive/texmf-dist/tex/latex/base/t1enc.def
File: t1enc.def 2018/08/11 v2.0j Standard LaTeX file
LaTeX Font Info:    Redeclaring font encoding T1 on input line 48.
))
(/usr/share/texmf/tex/latex/lm/lmodern.sty
Package: lmodern 2009/10/30 v1.6 Latin Modern Fonts
LaTeX Font Info:    Overwriting symbol font `operators' in version `normal'
(Font)                  OT1/cmr/m/n --> OT1/lmr/m/n on input line 22.
LaTeX Font Info:    Overwriting symbol font `letters' in version `normal'
(Font)                  OML/cmm/m/it --> OML/lmm/m/it on input line 23.
LaTeX Font Info:    Overwriting symbol font `symbols' in version `normal'
(Font)                  OMS/cmsy/m/n --> OMS/lmsy/m/n on input line 24.
LaTeX Font Info:    Overwriting symbol font `largesymbols' in version `normal'
(Font)                  OMX/cmex/m/n --> OMX/lmex/m/n on input line 25.
LaTeX Font Info:    Overwriting symbol font `operators' in version `bold'
(Font)                  OT1/cmr/bx/n --> OT1/lmr/bx/n on input line 26.
LaTeX Font Info:    Overwriting symbol font `letters' in version `bold'
(Font)                  OML/cmm/b/it --> OML/lmm/b/it on input line 27.
LaTeX Font Info:    Overwriting symbol font `symbols' in version `bold'
(Font)                  OMS/cmsy/b/n --> OMS/lmsy/b/n on input line 28.
LaTeX Font Info:    Overwriting symbol font `largesymbols' in version `bold'
(Font)                  OMX/cmex/m/n --> OMX/lmex/m/n on input line 29.
LaTeX Font Info:    Overwriting math alphabet `\mathbf' in version `normal'
(Font)                  OT1/cmr/bx/n --> OT1/lmr/bx/n on input line 31.
LaTeX Font Info:    Overwriting math alphabet `\mathsf' in version `normal'
(Font)                  OT1/cmss/m/n --> OT1/lmss/m/n on input line 32.
LaTeX Font Info:    Overwriting math alphabet `\mathit' in version `normal'
(Font)                  OT1/cmr/m/it --> OT1/lmr/m/it on input line 33.
LaTeX Font Info:    Overwriting math alphabet `\mathtt' in version `normal'
(Font)                  OT1/cmtt/m/n --> OT1/lmtt/m/n on input line 34.
LaTeX Font Info:    Overwriting math alphabet `\mathbf' in version `bold'
(Font)                  OT1/cmr/bx/n --> OT1/lmr/bx/n on input line 35.
LaTeX Font Info:    Overwriting math alphabet `\mathsf' in version `bold'
(Font)                  OT1/cmss/bx/n --> OT1/lmss/bx/n on input line 36.
LaTeX Font Info:    Overwriting math alphabet `\mathit' in version `bold'
(Font)                  OT1/cmr/bx/it --> OT1/lmr/bx/it on input line 37.
LaTeX Font Info:    Overwriting math alphabet `\mathtt' in version `bold'
(Font)                  OT1/cmtt/m/n --> OT1/lmtt/m/n on input line 38.
)
(/usr/share/texlive/texmf-dist/tex/latex/xcolor/xcolor.sty
Package: xcolor 2016/05/11 v2.12 LaTeX color extensions (UK)

(/usr/share/texlive/texmf-dist/tex/latex/graphics-cfg/color.cfg
File: color.cfg 2016/01/02 v1.6 sample color configuration
)
Package xcolor Info: Driver file: pdftex.def on input line 225.

(/usr/share/texlive/texmf-dist/tex/latex/graphics-def/pdftex.def
File: pdftex.def 2018/01/08 v1.0l Graphics/color driver for pdftex
)
Package xcolor Info: Model `cmy' substituted by `cmy0' on input line 1348.
Package xcolor Info: Model `hsb' substituted by `rgb' on input line 1352.
Package xcolor Info: Model `RGB' extended on input line 1364.
Package xcolor Info: Model `HTML' substituted by `rgb' on input line 1366.
Package xcolor Info: Model `Hsb' substituted by `hsb' on input line 1367.
Package xcolor Info: Model `tHsb' substituted by `hsb' on input line 1368.
Package xcolor Info: Model `HSB' substituted by `hsb' on input line 1369.
Package xcolor Info: Model `Gray' substituted by `gray' on input line 1370.
Package xcolor Info: Model `wave' substituted by `hsb' on input line 1371.
)
(/usr/share/texlive/texmf-dist/tex/latex/hyperref/hyperref.sty
Package: hyperref 2018/11/30 v6.88e Hypertext links for LaTeX

(/usr/share/texlive/texmf-dist/tex/generic/oberdiek/hobsub-hyperref.sty
Package: hobsub-hyperref 2016/05/16 v1.14 Bundle oberdiek, subset hyperref (HO)


(/usr/share/texlive/texmf-dist/tex/generic/oberdiek/hobsub-generic.sty
Package: hobsub-generic 2016/05/16 v1.14 Bundle oberdiek, subset generic (HO)
Package: hobsub 2016/05/16 v1.14 Construct package bundles (HO)
Package: infwarerr 2016/05/16 v1.4 Providing info/warning/error messages (HO)
Package: ltxcmds 2016/05/16 v1.23 LaTeX kernel commands for general use (HO)
Package: ifluatex 2016/05/16 v1.4 Provides the ifluatex switch (HO)
Package ifluatex Info: LuaTeX not detected.
Package: ifvtex 2016/05/16 v1.6 Detect VTeX and its facilities (HO)
Package ifvtex Info: VTeX not detected.
Package: intcalc 2016/05/16 v1.2 Expandable calculations with integers (HO)
Package: ifpdf 2018/09/07 v3.3 Provides the ifpdf switch
Package: etexcmds 2016/05/16 v1.6 Avoid name clashes with e-TeX commands (HO)
Package: kvsetkeys 2016/05/16 v1.17 Key value parser (HO)
Package: kvdefinekeys 2016/05/16 v1.4 Define keys (HO)
Package: pdftexcmds 2018/09/10 v0.29 Utility functions of pdfTeX for LuaTeX (HO
)
Package pdftexcmds Info: LuaTeX not detected.
Package pdftexcmds Info: \pdf@primitive is available.
Package pdftexcmds Info: \pdf@ifprimitive is available.
Package pdftexcmds Info: \pdfdraftmode found.
Package: pdfescape 2016/05/16 v1.14 Implements pdfTeX's escape features (HO)
Package: bigintcalc 2016/05/16 v1.4 Expandable calculations on big integers (HO
)
Package: bitset 2016/05/16 v1.2 Handle bit-vector datatype (HO)
Package: uniquecounter 2016/05/16 v1.3 Provide unlimited unique counter (HO)
)
Package hobsub Info: Skipping package `hobsub' (already loaded).
Package: letltxmacro 2016/05/16 v1.5 Let assignment for LaTeX macros (HO)
Package: hopatch 2016/05/16 v1.3 Wrapper for package hooks (HO)
Package: xcolor-patch 2016/05/16 xcolor patch
Package: atveryend 2016/05/16 v1.9 Hooks at the very end of document (HO)
Package atveryend Info: \enddocument detected (standard20110627).
Package: atbegshi 2016/06/09 v1.18 At begin shipout hook (HO)
Package: refcount 2016/05/16 v3.5 Data extraction from label references (HO)
Package: hycolor 2016/05/16 v1.8 Color options for hyperref/bookmark (HO)
)
(/usr/share/texlive/texmf-dist/tex/generic/ifxetex/ifxetex.sty
Package: ifxetex 2010/09/12 v0.6 Provides ifxetex conditional
)
(/usr/share/texlive/texmf-dist/tex/latex/oberdiek/auxhook.sty
Package: auxhook 2016/05/16 v1.4 Hooks for auxiliary files (HO)
)
(/usr/share/texlive/texmf-dist/tex/latex/oberdiek/kvoptions.sty
Package: kvoptions 2016/05/16 v3.12 Key value format for package options (HO)
)
\@linkdim=\dimen112
\Hy@linkcounter=\count99
\Hy@pagecounter=\count100

(/usr/share/texlive/texmf-dist/tex/latex/hyperref/pd1enc.def
File: pd1enc.def 2018/11/30 v6.88e Hyperref: PDFDocEncoding definition (HO)
Now handling font encoding PD1 ...
... no UTF-8 mapping file for font encoding PD1
)
\Hy@SavedSpaceFactor=\count101

(/usr/share/texlive/texmf-dist/tex/latex/latexconfig/hyperref.cfg
File: hyperref.cfg 2002/06/06 v1.2 hyperref configuration of TeXLive
)
Package hyperref Info: Hyper figures OFF on input line 4519.
Package hyperref Info: Link nesting OFF on input line 4524.
Package hyperref Info: Hyper index ON on input line 4527.
Package hyperref Info: Plain pages OFF on input line 4534.
Package hyperref Info: Backreferencing OFF on input line 4539.
Package hyperref Info: Implicit mode ON; LaTeX internals redefined.
Package hyperref Info: Bookmarks ON on input line 4772.
\c@Hy@tempcnt=\count102

(/usr/share/texlive/texmf-dist/tex/latex/url/url.sty
\Urlmuskip=\muskip10
Package: url 2013/09/16  ver 3.4  Verb mode for urls, etc.
)
LaTeX Info: Redefining \url on input line 5125.
\XeTeXLinkMargin=\dimen113
\Fld@menulength=\count103
\Field@Width=\dimen114
\Fld@charsize=\dimen115
Package hyperref Info: Hyper figures OFF on input line 6380.
Package hyperref Info: Link nesting OFF on input line 6385.
Package hyperref Info: Hyper index ON on input line 6388.
Package hyperref Info: backreferencing OFF on input line 6395.
Package hyperref Info: Link coloring OFF on input line 6400.
Package hyperref Info: Link coloring with OCG OFF on input line 6405.
Package hyperref Info: PDF/A mode OFF on input line 6410.
LaTeX Info: Redefining \ref on input line 6450.
LaTeX Info: Redefining \pageref on input line 6454.
\Hy@abspage=\count104
\c@Item=\count105
\c@Hfootnote=\count106
)
Package hyperref Info: Driver (autodetected): hpdftex.

(/usr/share/texlive/texmf-dist/tex/latex/hyperref/hpdftex.def
File: hpdftex.def 2018/11/30 v6.88e Hyperref driver for pdfTeX
\Fld@listcount=\count107
\c@bookmark@seq@number=\count108

(/usr/share/texlive/texmf-dist/tex/latex/oberdiek/rerunfilecheck.sty
Package: rerunfilecheck 2016/05/16 v1.8 Rerun checks for auxiliary files (HO)
Package uniquecounter Info: New unique counter `rerunfilecheck' on input line 2
82.
)
\Hy@SectionHShift=\skip43
)
(/usr/share/texlive/texmf-dist/tex/latex/setspace/setspace.sty
Package: setspace 2011/12/19 v6.7a set line spacing
)
(/usr/share/texlive/texmf-dist/tex/latex/amsmath/amsmath.sty
Package: amsmath 2018/12/01 v2.17b AMS math features
\@mathmargin=\skip44

For additional information on amsmath, use the `?' option.
(/usr/share/texlive/texmf-dist/tex/latex/amsmath/amstext.sty
Package: amstext 2000/06/29 v2.01 AMS text

(/usr/share/texlive/texmf-dist/tex/latex/amsmath/amsgen.sty
File: amsgen.sty 1999/11/30 v2.0 generic functions
\@emptytoks=\toks18
\ex@=\dimen116
))
(/usr/share/texlive/texmf-dist/tex/latex/amsmath/amsbsy.sty
Package: amsbsy 1999/11/29 v1.2d Bold Symbols
\pmbraise@=\dimen117
)
(/usr/share/texlive/texmf-dist/tex/latex/amsmath/amsopn.sty
Package: amsopn 2016/03/08 v2.02 operator names
)
\inf@bad=\count109
LaTeX Info: Redefining \frac on input line 223.
\uproot@=\count110
\leftroot@=\count111
LaTeX Info: Redefining \overline on input line 385.
\classnum@=\count112
\DOTSCASE@=\count113
LaTeX Info: Redefining \ldots on input line 482.
LaTeX Info: Redefining \dots on input line 485.
LaTeX Info: Redefining \cdots on input line 606.
\Mathstrutbox@=\box27
\strutbox@=\box28
\big@size=\dimen118
LaTeX Font Info:    Redeclaring font encoding OML on input line 729.
LaTeX Font Info:    Redeclaring font encoding OMS on input line 730.
\macc@depth=\count114
\c@MaxMatrixCols=\count115
\dotsspace@=\muskip11
\c@parentequation=\count116
\dspbrk@lvl=\count117
\tag@help=\toks19
\row@=\count118
\column@=\count119
\maxfields@=\count120
\andhelp@=\toks20
\eqnshift@=\dimen119
\alignsep@=\dimen120
\tagshift@=\dimen121
\tagwidth@=\dimen122
\totwidth@=\dimen123
\lineht@=\dimen124
\@envbody=\toks21
\multlinegap=\skip45
\multlinetaggap=\skip46
\mathdisplay@stack=\toks22
LaTeX Info: Redefining \[ on input line 2844.
LaTeX Info: Redefining \] on input line 2845.
)
(/usr/share/texlive/texmf-dist/tex/latex/geometry/geometry.sty
Package: geometry 2018/04/16 v5.8 Page Geometry
\Gm@cnth=\count121
\Gm@cntv=\count122
\c@Gm@tempcnt=\count123
\Gm@bindingoffset=\dimen125
\Gm@wd@mp=\dimen126
\Gm@odd@mp=\dimen127
\Gm@even@mp=\dimen128
\Gm@layoutwidth=\dimen129
\Gm@layoutheight=\dimen130
\Gm@layouthoffset=\dimen131
\Gm@layoutvoffset=\dimen132
\Gm@dimlist=\toks23
)
(/usr/share/texlive/texmf-dist/tex/latex/amsfonts/amssymb.sty
Package: amssymb 2013/01/14 v3.01 AMS font symbols

(/usr/share/texlive/texmf-dist/tex/latex/amsfonts/amsfonts.sty
Package: amsfonts 2013/01/14 v3.01 Basic AMSFonts support
\symAMSa=\mathgroup4
\symAMSb=\mathgroup5
LaTeX Font Info:    Overwriting math alphabet `\mathfrak' in version `bold'
(Font)                  U/euf/m/n --> U/euf/b/n on input line 106.
))
(/usr/share/texlive/texmf-dist/tex/latex/tools/bm.sty
Package: bm 2017/01/16 v1.2c Bold Symbol Support (DPC/FMi)
\symboldoperators=\mathgroup6
\symboldletters=\mathgroup7
\symboldsymbols=\mathgroup8
LaTeX Font Info:    Redeclaring math alphabet \mathbf on input line 141.
LaTeX Info: Redefining \bm on input line 207.
)
(/usr/share/texlive/texmf-dist/tex/latex/graphics/graphicx.sty
Package: graphicx 2017/06/01 v1.1a Enhanced LaTeX Graphics (DPC,SPQR)

(/usr/share/texlive/texmf-dist/tex/latex/graphics/graphics.sty
Package: graphics 2017/06/25 v1.2c Standard LaTeX Graphics (DPC,SPQR)

(/usr/share/texlive/texmf-dist/tex/latex/graphics/trig.sty
Package: trig 2016/01/03 v1.10 sin cos tan (DPC)
)
(/usr/share/texlive/texmf-dist/tex/latex/graphics-cfg/graphics.cfg
File: graphics.cfg 2016/06/04 v1.11 sample graphics configuration
)
Package graphics Info: Driver file: pdftex.def on input line 99.
)
\Gin@req@height=\dimen133
\Gin@req@width=\dimen134
)
(/usr/share/texlive/texmf-dist/tex/latex/caption/subcaption.sty
Package: subcaption 2018/05/01 v1.1-162 Sub-captions (AR)

(/usr/share/texlive/texmf-dist/tex/latex/caption/caption.sty
Package: caption 2018/10/06 v3.3-154 Customizing captions (AR)

(/usr/share/texlive/texmf-dist/tex/latex/caption/caption3.sty
Package: caption3 2018/09/12 v1.8c caption3 kernel (AR)
Package caption3 Info: TeX engine: e-TeX on input line 64.
\captionmargin=\dimen135
\captionmargin@=\dimen136
\captionwidth=\dimen137
\caption@tempdima=\dimen138
\caption@indent=\dimen139
\caption@parindent=\dimen140
\caption@hangindent=\dimen141
)
\c@caption@flags=\count124
\c@ContinuedFloat=\count125
Package caption Info: hyperref package is loaded.
)
\c@subfigure=\count126
\c@subtable=\count127
)
(/usr/share/texlive/texmf-dist/tex/latex/mwe/mwe.sty
Package: mwe 2018/03/30 v0.5 Package to support minimal working examples (MWE)

(/usr/share/texlive/texmf-dist/tex/latex/lipsum/lipsum.sty
(/usr/share/texlive/texmf-dist/tex/latex/l3kernel/expl3.sty
Package: expl3 2019-07-01 L3 programming layer (loader) 

(/usr/share/texlive/texmf-dist/tex/latex/l3kernel/expl3-code.tex
Package: expl3 2019-07-01 L3 programming layer (code)
\c_max_int=\count128
\l_tmpa_int=\count129
\l_tmpb_int=\count130
\g_tmpa_int=\count131
\g_tmpb_int=\count132
\g__kernel_prg_map_int=\count133
\c__ior_term_ior=\count134
\c_log_iow=\count135
\l_iow_line_count_int=\count136
\l__iow_line_target_int=\count137
\l__iow_one_indent_int=\count138
\l__iow_indent_int=\count139
\c_zero_dim=\dimen142
\c_max_dim=\dimen143
\l_tmpa_dim=\dimen144
\l_tmpb_dim=\dimen145
\g_tmpa_dim=\dimen146
\g_tmpb_dim=\dimen147
\c_zero_skip=\skip47
\c_max_skip=\skip48
\l_tmpa_skip=\skip49
\l_tmpb_skip=\skip50
\g_tmpa_skip=\skip51
\g_tmpb_skip=\skip52
\c_zero_muskip=\muskip12
\c_max_muskip=\muskip13
\l_tmpa_muskip=\muskip14
\l_tmpb_muskip=\muskip15
\g_tmpa_muskip=\muskip16
\g_tmpb_muskip=\muskip17
\l_keys_choice_int=\count140
\l__intarray_loop_int=\count141
\c__intarray_sp_dim=\dimen148
\g__intarray_font_int=\count142
\c__fp_leading_shift_int=\count143
\c__fp_middle_shift_int=\count144
\c__fp_trailing_shift_int=\count145
\c__fp_big_leading_shift_int=\count146
\c__fp_big_middle_shift_int=\count147
\c__fp_big_trailing_shift_int=\count148
\c__fp_Bigg_leading_shift_int=\count149
\c__fp_Bigg_middle_shift_int=\count150
\c__fp_Bigg_trailing_shift_int=\count151
\c__kernel_randint_max_int=\count152
\g__fp_array_int=\count153
\l__fp_array_loop_int=\count154
\l__sort_length_int=\count155
\l__sort_min_int=\count156
\l__sort_top_int=\count157
\l__sort_max_int=\count158
\l__sort_true_max_int=\count159
\l__sort_block_int=\count160
\l__sort_begin_int=\count161
\l__sort_end_int=\count162
\l__sort_A_int=\count163
\l__sort_B_int=\count164
\l__sort_C_int=\count165
\l__str_internal_int=\count166
\c__str_replacement_char_int=\count167
\l__tl_analysis_normal_int=\count168
\l__tl_analysis_index_int=\count169
\l__tl_analysis_nesting_int=\count170
\l__tl_analysis_type_int=\count171
\l__regex_internal_a_int=\count172
\l__regex_internal_b_int=\count173
\l__regex_internal_c_int=\count174
\l__regex_balance_int=\count175
\l__regex_group_level_int=\count176
\l__regex_mode_int=\count177
\c__regex_cs_in_class_mode_int=\count178
\c__regex_cs_mode_int=\count179
\l__regex_catcodes_int=\count180
\l__regex_default_catcodes_int=\count181
\c__regex_catcode_D_int=\count182
\c__regex_catcode_S_int=\count183
\c__regex_catcode_L_int=\count184
\c__regex_catcode_O_int=\count185
\c__regex_catcode_A_int=\count186
\c__regex_all_catcodes_int=\count187
\l__regex_show_lines_int=\count188
\l__regex_min_state_int=\count189
\l__regex_max_state_int=\count190
\l__regex_left_state_int=\count191
\l__regex_right_state_int=\count192
\l__regex_capturing_group_int=\count193
\l__regex_min_pos_int=\count194
\l__regex_max_pos_int=\count195
\l__regex_curr_pos_int=\count196
\l__regex_start_pos_int=\count197
\l__regex_success_pos_int=\count198
\l__regex_curr_char_int=\count199
\l__regex_curr_catcode_int=\count266
\l__regex_last_char_int=\count267
\l__regex_case_changed_char_int=\count268
\l__regex_curr_state_int=\count269
\l__regex_step_int=\count270
\l__regex_min_active_int=\count271
\l__regex_max_active_int=\count272
\l__regex_replacement_csnames_int=\count273
\l__regex_match_count_int=\count274
\l__regex_min_submatch_int=\count275
\l__regex_submatch_int=\count276
\l__regex_zeroth_submatch_int=\count277
\g__regex_trace_regex_int=\count278
\c_empty_box=\box29
\l_tmpa_box=\box30
\l_tmpb_box=\box31
\g_tmpa_box=\box32
\g_tmpb_box=\box33
\l__box_top_dim=\dimen149
\l__box_bottom_dim=\dimen150
\l__box_left_dim=\dimen151
\l__box_right_dim=\dimen152
\l__box_top_new_dim=\dimen153
\l__box_bottom_new_dim=\dimen154
\l__box_left_new_dim=\dimen155
\l__box_right_new_dim=\dimen156
\l__box_internal_box=\box34
\l__coffin_internal_box=\box35
\l__coffin_internal_dim=\dimen157
\l__coffin_offset_x_dim=\dimen158
\l__coffin_offset_y_dim=\dimen159
\l__coffin_x_dim=\dimen160
\l__coffin_y_dim=\dimen161
\l__coffin_x_prime_dim=\dimen162
\l__coffin_y_prime_dim=\dimen163
\c_empty_coffin=\box36
\l__coffin_aligned_coffin=\box37
\l__coffin_aligned_internal_coffin=\box38
\l_tmpa_coffin=\box39
\l_tmpb_coffin=\box40
\g_tmpa_coffin=\box41
\g_tmpb_coffin=\box42
\l__coffin_bounding_shift_dim=\dimen164
\l__coffin_left_corner_dim=\dimen165
\l__coffin_right_corner_dim=\dimen166
\l__coffin_bottom_corner_dim=\dimen167
\l__coffin_top_corner_dim=\dimen168
\l__coffin_scaled_total_height_dim=\dimen169
\l__coffin_scaled_width_dim=\dimen170
\c__coffin_empty_coffin=\box43
\l__coffin_display_coffin=\box44
\l__coffin_display_coord_coffin=\box45
\l__coffin_display_pole_coffin=\box46
\l__coffin_display_offset_dim=\dimen171
\l__coffin_display_x_dim=\dimen172
\l__coffin_display_y_dim=\dimen173
\g__file_internal_ior=\read1
\l__seq_internal_a_int=\count279
\l__seq_internal_b_int=\count280
\c__deprecation_minus_one=\count281
)
(/usr/share/texlive/texmf-dist/tex/latex/l3backend/l3backend-pdfmode.def
File: l3backend-pdfmode.def 2019-04-06 v L3 Experimental backend support: PDF m
ode
\l__kernel_color_stack_int=\count282
\l__pdf_internal_box=\box47
))
(/usr/share/texlive/texmf-dist/tex/latex/l3packages/xparse/xparse.sty
Package: xparse 2019-05-28 L3 Experimental document command parser
\l__xparse_current_arg_int=\count283
\g__xparse_grabber_int=\count284
\l__xparse_m_args_int=\count285
\l__xparse_v_nesting_int=\count286
)
Package: lipsum 2019/01/02 v2.2 150 paragraphs of Lorem Ipsum dummy text

(/usr/share/texlive/texmf-dist/tex/latex/lipsum/lipsum.ltd.tex
File: lipsum.ltd.tex 2019/01/02 v2.2 The Lorem ipsum dummy text
))
(/usr/share/texlive/texmf-dist/tex/latex/blindtext/blindtext.sty
Package: blindtext 2012/01/06 V2.0 blindtext-Package

(/usr/share/texlive/texmf-dist/tex/latex/tools/xspace.sty
Package: xspace 2014/10/28 v1.13 Space after command names (DPC,MH)
)
\c@blindtext=\count287
\c@Blindtext=\count288
\c@blind@countparstart=\count289
\blind@countxx=\count290
\blindtext@numBlindtext=\count291
\blind@countyy=\count292
\c@blindlist=\count293
\c@blindlistlevel=\count294
\c@blindlist@level=\count295
\blind@listitem=\count296
\c@blind@listcount=\count297
\c@blind@levelcount=\count298
\blind@mathformula=\count299
\blind@Mathformula=\count300
\c@blind@randomcount=\count301
\c@blind@randommax=\count302
\c@blind@pangramcount=\count303
\c@blind@pangrammax=\count304
))
(/usr/share/texlive/texmf-dist/tex/latex/comment/comment.sty
\CommentStream=\write3

Excluding comment 'comment')
(/usr/share/texlive/texmf-dist/tex/latex/graphics/lscape.sty
Package: lscape 2000/10/22 v3.01 Landscape Pages (DPC)
)
(/usr/share/texlive/texmf-dist/tex/latex/graphics/epsfig.sty
Package: epsfig 2017/06/25 v1.7b (e)psfig emulation (SPQR)
\epsfxsize=\dimen174
\epsfysize=\dimen175
)
(/usr/share/texlive/texmf-dist/tex/latex/base/latexsym.sty
Package: latexsym 1998/08/17 v2.2e Standard LaTeX package (lasy symbols)
\symlasy=\mathgroup9
LaTeX Font Info:    Overwriting symbol font `lasy' in version `bold'
(Font)                  U/lasy/m/n --> U/lasy/b/n on input line 52.
)
(/usr/share/texlive/texmf-dist/tex/latex/tools/enumerate.sty
Package: enumerate 2015/07/23 v3.00 enumerate extensions (DPC)
\@enLab=\toks24
)
(/usr/share/texlive/texmf-dist/tex/latex/jknapltx/mathbbol.sty
Package: mathbbol 1995/01/01
\symbbold=\mathgroup10
)
(/usr/share/texlive/texmf-dist/tex/latex/natbib/natbib.sty
Package: natbib 2010/09/13 8.31b (PWD, AO)
\bibhang=\skip53
\bibsep=\skip54
LaTeX Info: Redefining \cite on input line 694.
\c@NAT@ctr=\count305
) (./main.aux

LaTeX Warning: Label `figure-pop' multiply defined.


LaTeX Warning: Label `chap-sos' multiply defined.

)
\openout1 = `main.aux'.

LaTeX Font Info:    Checking defaults for OML/cmm/m/it on input line 66.
LaTeX Font Info:    ... okay on input line 66.
LaTeX Font Info:    Checking defaults for T1/cmr/m/n on input line 66.
LaTeX Font Info:    ... okay on input line 66.
LaTeX Font Info:    Checking defaults for OT1/cmr/m/n on input line 66.
LaTeX Font Info:    ... okay on input line 66.
LaTeX Font Info:    Checking defaults for OMS/cmsy/m/n on input line 66.
LaTeX Font Info:    ... okay on input line 66.
LaTeX Font Info:    Checking defaults for OMX/cmex/m/n on input line 66.
LaTeX Font Info:    ... okay on input line 66.
LaTeX Font Info:    Checking defaults for U/cmr/m/n on input line 66.
LaTeX Font Info:    ... okay on input line 66.
LaTeX Font Info:    Checking defaults for PD1/pdf/m/n on input line 66.
LaTeX Font Info:    ... okay on input line 66.
LaTeX Font Info:    Try loading font information for T1+lmr on input line 66.
 (/usr/share/texmf/tex/latex/lm/t1lmr.fd
File: t1lmr.fd 2009/10/30 v1.6 Font defs for Latin Modern
)
LaTeX Info: Redefining \degres on input line 66.
LaTeX Info: Redefining \dots on input line 66.


Package french.ldf Warning: Please load the "natbib" package
(french.ldf)                BEFORE babel/french; reported on input line 66.

Package french.ldf Info: Setting StandardEnumerateEnv=true for
(french.ldf)             compatibility with enumerate package,
(french.ldf)             reported on input line 66.
LaTeX Info: Redefining \up on input line 66.
(/usr/share/texlive/texmf-dist/tex/context/base/mkii/supp-pdf.mkii
[Loading MPS to PDF converter (version 2006.09.02).]
\scratchcounter=\count306
\scratchdimen=\dimen176
\scratchbox=\box48
\nofMPsegments=\count307
\nofMParguments=\count308
\everyMPshowfont=\toks25
\MPscratchCnt=\count309
\MPscratchDim=\dimen177
\MPnumerator=\count310
\makeMPintoPDFobject=\count311
\everyMPtoPDFconversion=\toks26
) (/usr/share/texlive/texmf-dist/tex/latex/oberdiek/epstopdf-base.sty
Package: epstopdf-base 2016/05/15 v2.6 Base part for package epstopdf

(/usr/share/texlive/texmf-dist/tex/latex/oberdiek/grfext.sty
Package: grfext 2016/05/16 v1.2 Manage graphics extensions (HO)
)
Package epstopdf-base Info: Redefining graphics rule for `.eps' on input line 4
38.
Package grfext Info: Graphics extension search list:
(grfext)             [.pdf,.png,.jpg,.mps,.jpeg,.jbig2,.jb2,.PDF,.PNG,.JPG,.JPE
G,.JBIG2,.JB2,.eps]
(grfext)             \AppendGraphicsExtensions on input line 456.

(/usr/share/texlive/texmf-dist/tex/latex/latexconfig/epstopdf-sys.cfg
File: epstopdf-sys.cfg 2010/07/13 v1.3 Configuration of (r)epstopdf for TeX Liv
e
))
\AtBeginShipoutBox=\box49
Package hyperref Info: Link coloring OFF on input line 66.

(/usr/share/texlive/texmf-dist/tex/latex/hyperref/nameref.sty
Package: nameref 2016/05/21 v2.44 Cross-referencing by name of section

(/usr/share/texlive/texmf-dist/tex/generic/oberdiek/gettitlestring.sty
Package: gettitlestring 2016/05/16 v1.5 Cleanup title references (HO)
)
\c@section@level=\count312
)
LaTeX Info: Redefining \ref on input line 66.
LaTeX Info: Redefining \pageref on input line 66.
LaTeX Info: Redefining \nameref on input line 66.

(./main.out) (./main.out)
\@outlinefile=\write4
\openout4 = `main.out'.


*geometry* driver: auto-detecting
*geometry* detected driver: pdftex
*geometry* verbose mode - [ preamble ] result:
* driver: pdftex
* paper: a4paper
* layout: <same size as paper>
* layoutoffset:(h,v)=(0.0pt,0.0pt)
* modes: twoside 
* h-part:(L,W,R)=(71.70166pt, 418.25368pt, 107.55254pt)
* v-part:(T,H,B)=(101.40665pt, 591.5302pt, 152.11pt)
* \paperwidth=597.50787pt
* \paperheight=845.04684pt
* \textwidth=418.25368pt
* \textheight=591.5302pt
* \oddsidemargin=-0.56833pt
* \evensidemargin=35.28255pt
* \topmargin=-2.73714pt
* \headheight=12.0pt
* \headsep=19.8738pt
* \topskip=11.0pt
* \footskip=27.46295pt
* \marginparwidth=106.0pt
* \marginparsep=7.0pt
* \columnsep=10.0pt
* \skip\footins=10.0pt plus 4.0pt minus 2.0pt
* \hoffset=0.0pt
* \voffset=0.0pt
* \mag=1000
* \@twocolumnfalse
* \@twosidetrue
* \@mparswitchtrue
* \@reversemarginfalse
* (1in=72.27pt=25.4mm, 1cm=28.453pt)

Package caption Info: Begin \AtBeginDocument code.
Package caption Info: End \AtBeginDocument code.
(./main.toc
LaTeX Font Info:    Try loading font information for OT1+lmr on input line 4.
 (/usr/share/texmf/tex/latex/lm/ot1lmr.fd
File: ot1lmr.fd 2009/10/30 v1.6 Font defs for Latin Modern
)
LaTeX Font Info:    Try loading font information for OML+lmm on input line 4.

(/usr/share/texmf/tex/latex/lm/omllmm.fd
File: omllmm.fd 2009/10/30 v1.6 Font defs for Latin Modern
)
LaTeX Font Info:    Try loading font information for OMS+lmsy on input line 4.

(/usr/share/texmf/tex/latex/lm/omslmsy.fd
File: omslmsy.fd 2009/10/30 v1.6 Font defs for Latin Modern
)
LaTeX Font Info:    Try loading font information for OMX+lmex on input line 4.

(/usr/share/texmf/tex/latex/lm/omxlmex.fd
File: omxlmex.fd 2009/10/30 v1.6 Font defs for Latin Modern
)
LaTeX Font Info:    External font `lmex10' loaded for size
(Font)              <10.95> on input line 4.
LaTeX Font Info:    External font `lmex10' loaded for size
(Font)              <8> on input line 4.
LaTeX Font Info:    External font `lmex10' loaded for size
(Font)              <6> on input line 4.
LaTeX Font Info:    Try loading font information for U+msa on input line 4.

(/usr/share/texlive/texmf-dist/tex/latex/amsfonts/umsa.fd
File: umsa.fd 2013/01/14 v3.01 AMS symbols A
)
LaTeX Font Info:    Try loading font information for U+msb on input line 4.

(/usr/share/texlive/texmf-dist/tex/latex/amsfonts/umsb.fd
File: umsb.fd 2013/01/14 v3.01 AMS symbols B
)
LaTeX Font Info:    Try loading font information for U+lasy on input line 4.

(/usr/share/texlive/texmf-dist/tex/latex/base/ulasy.fd
File: ulasy.fd 1998/08/17 v2.2e LaTeX symbol font definitions
)
LaTeX Font Info:    Try loading font information for U+bbold on input line 4.

(/usr/share/texlive/texmf-dist/tex/latex/bbold/Ubbold.fd) [1



{/var/lib/texmf/fonts/map/pdftex/updmap/pdftex.map}])
\tf@toc=\write5
\openout5 = `main.toc'.

 (./intro/intro.tex [2]
Underfull \vbox (badness 2460) has occurred while \output is active []

 [3

]
Overfull \hbox (10.2533pt too wide) in paragraph at lines 18--19
[]\T1/lmr/m/n/10.95 Nous pré-sen-tons dans le troi-sième cha-pitre l'alo-girthm
e de Mon-ter Carlo-Metropolis,
 []

[4]) [5] [6

] (./intro/modeles-interface.tex
Chapitre 1.
[1

]
<intro/clusterization.pdf, id=254, 462.52798pt x 346.89601pt>
File: intro/clusterization.pdf Graphic file (type pdf)
<use intro/clusterization.pdf>
Package pdftex.def Info: intro/clusterization.pdf  used on input line 20.
(pdftex.def)             Requested size: 376.42575pt x 282.33398pt.


LaTeX Warning: `h' float specifier changed to `ht'.


Underfull \vbox (badness 1231) has occurred while \output is active []

 [2]
[3 <./intro/clusterization.pdf>]
Overfull \hbox (6.57867pt too wide) in paragraph at lines 76--78
\T1/lmr/m/n/10.95 où $\OT1/lmr/bx/n/10.95 J\OT1/lmr/m/n/10.95 (\OT1/lmr/bx/n/10
.95 q\OML/lmm/m/it/10.95 ; t\OT1/lmr/m/n/10.95 )$ \T1/lmr/m/n/10.95 est le cou-
rant de pro-ba-bi-lité. Le sys-tème res-pecte l'équi-libre de Gibbs-Boltzmann
 []


Underfull \vbox (badness 10000) has occurred while \output is active []

 [4]
Underfull \vbox (badness 10000) has occurred while \output is active []

 [5]
Underfull \vbox (badness 10000) has occurred while \output is active []

 [6]
LaTeX Font Info:    External font `lmex10' loaded for size
(Font)              <12> on input line 166.


Package hyperref Warning: Token not allowed in a PDF string (PDFDocEncoding):
(hyperref)                removing `math shift' on input line 166.


Package hyperref Warning: Token not allowed in a PDF string (PDFDocEncoding):
(hyperref)                removing `\phi' on input line 166.


Package hyperref Warning: Token not allowed in a PDF string (PDFDocEncoding):
(hyperref)                removing `superscript' on input line 166.


Package hyperref Warning: Token not allowed in a PDF string (PDFDocEncoding):
(hyperref)                removing `math shift' on input line 166.

[7]
<intro/double-puit-en-fonction-temp.pdf, id=365, 462.52798pt x 346.89601pt>
File: intro/double-puit-en-fonction-temp.pdf Graphic file (type pdf)
<use intro/double-puit-en-fonction-temp.pdf>
Package pdftex.def Info: intro/double-puit-en-fonction-temp.pdf  used on input 
line 188.
(pdftex.def)             Requested size: 250.95476pt x 188.21559pt.

Underfull \vbox (badness 10000) has occurred while \output is active []

 [8 <./intro/double-puit-en-fonction-temp.pdf>]
LaTeX Font Info:    Try loading font information for OMS+lmr on input line 239.

 (/usr/share/texmf/tex/latex/lm/omslmr.fd
File: omslmr.fd 2009/10/30 v1.6 Font defs for Latin Modern
)
LaTeX Font Info:    Font shape `OMS/lmr/m/n' in size <10.95> not available
(Font)              Font shape `OMS/lmsy/m/n' tried instead on input line 239.

Underfull \vbox (badness 10000) has occurred while \output is active []

 [9]
Underfull \vbox (badness 4084) has occurred while \output is active []

 [10]
Underfull \vbox (badness 10000) has occurred while \output is active []

 [11]
Underfull \vbox (badness 3312) has occurred while \output is active []

 [12]
Underfull \vbox (badness 6961) has occurred while \output is active []

 [13]
[14] [15]
<intro/cis-ising-f-000.pdf, id=564, 406.37096pt x 191.01828pt>
File: intro/cis-ising-f-000.pdf Graphic file (type pdf)
<use intro/cis-ising-f-000.pdf>
Package pdftex.def Info: intro/cis-ising-f-000.pdf  used on input line 415.
(pdftex.def)             Requested size: 209.12683pt x 98.3041pt.
<intro/cis-ising-f-033.pdf, id=565, 406.37096pt x 191.01828pt>
File: intro/cis-ising-f-033.pdf Graphic file (type pdf)
<use intro/cis-ising-f-033.pdf>
Package pdftex.def Info: intro/cis-ising-f-033.pdf  used on input line 418.
(pdftex.def)             Requested size: 209.12683pt x 98.3041pt.
<intro/cis-ising-f-066.pdf, id=566, 406.37096pt x 191.01828pt>
File: intro/cis-ising-f-066.pdf Graphic file (type pdf)
<use intro/cis-ising-f-066.pdf>
Package pdftex.def Info: intro/cis-ising-f-066.pdf  used on input line 422.
(pdftex.def)             Requested size: 209.12683pt x 98.3041pt.
<intro/profil-mag-ising-shear.pdf, id=567, 462.52798pt x 346.89601pt>
File: intro/profil-mag-ising-shear.pdf Graphic file (type pdf)
<use intro/profil-mag-ising-shear.pdf>
Package pdftex.def Info: intro/profil-mag-ising-shear.pdf  used on input line 4
31.
(pdftex.def)             Requested size: 250.95476pt x 188.21559pt.


LaTeX Warning: Reference `chap-article-dean' on page 16 undefined on input line
 436.

[16 <./intro/cis-ising-f-000.pdf> <./intro/cis-ising-f-033.pdf

pdfTeX warning: /usr/bin/pdflatex (file ./intro/cis-ising-f-033.pdf): PDF inclu
sion: multiple pdfs with page group included in a single page
> <./intro/cis-ising-f-066.pdf

pdfTeX warning: /usr/bin/pdflatex (file ./intro/cis-ising-f-066.pdf): PDF inclu
sion: multiple pdfs with page group included in a single page
>]) (./isingtosos/modele-sos.tex [17 <./intro/profil-mag-ising-shear.pdf>]
[18]
Chapitre 2.
<isingtosos/snap07.pdf, id=678, 489.55083pt x 316.01813pt>
File: isingtosos/snap07.pdf Graphic file (type pdf)
<use isingtosos/snap07.pdf>
Package pdftex.def Info: isingtosos/snap07.pdf  used on input line 14.
(pdftex.def)             Requested size: 209.12683pt x 134.99306pt.
<isingtosos/snap09.pdf, id=679, 489.55083pt x 316.01813pt>
File: isingtosos/snap09.pdf Graphic file (type pdf)
<use isingtosos/snap09.pdf>
Package pdftex.def Info: isingtosos/snap09.pdf  used on input line 17.
(pdftex.def)             Requested size: 209.12683pt x 134.99306pt.

Underfull \vbox (badness 4181) has occurred while \output is active []

 [19

]
Underfull \vbox (badness 1052) has occurred while \output is active []

 [20 <./isingtosos/snap07.pdf> <./isingtosos/snap09.pdf

pdfTeX warning: /usr/bin/pdflatex (file ./isingtosos/snap09.pdf): PDF inclusion
: multiple pdfs with page group included in a single page
>]
<isingtosos/stecki-profil.png, id=738, 955.57pt x 820.06375pt>
File: isingtosos/stecki-profil.png Graphic file (type png)
<use isingtosos/stecki-profil.png>
Package pdftex.def Info: isingtosos/stecki-profil.png  used on input line 43.
(pdftex.def)             Requested size: 209.12683pt x 179.46358pt.

Underfull \vbox (badness 10000) has occurred while \output is active []

 [21 <./isingtosos/stecki-profil.png>]
<isingtosos/sos-indiscernable.pdf, id=758, 462.52798pt x 346.89601pt>
File: isingtosos/sos-indiscernable.pdf Graphic file (type pdf)
<use isingtosos/sos-indiscernable.pdf>
Package pdftex.def Info: isingtosos/sos-indiscernable.pdf  used on input line 6
9.
(pdftex.def)             Requested size: 462.52684pt x 346.89516pt.

Underfull \vbox (badness 10000) has occurred while \output is active []

 [22 <./isingtosos/sos-indiscernable.pdf>]
Underfull \vbox (badness 10000) has occurred while \output is active []

 [23]
Overfull \hbox (2.01183pt too wide) in paragraph at lines 107--110
\T1/lmr/m/n/10.95 où $\OML/lmm/m/it/10.95 f\OT1/lmr/m/n/10.95 (\OML/lmm/m/it/10
.95 h[]; h[]\OT1/lmr/m/n/10.95 )$ \T1/lmr/m/n/10.95 est l'éner-gie d'in-ter-ac-
tion entre plus proches voi-sins et $\OML/lmm/m/it/10.95 V\OT1/lmr/m/n/10.95 (\
OML/lmm/m/it/10.95 h[]; h[]\OT1/lmr/m/n/10.95 ) = []$
 []


Overfull \hbox (2.55447pt too wide) in paragraph at lines 120--123
\OML/lmm/m/it/10.95 h[] \OT1/lmr/m/n/10.95 = \OML/lmm/m/it/10.95 h[]$\T1/lmr/m/
n/10.95 ), la ma-trice est pé-rio-dique éga-le-ment, c'est-à-dire que $\OML/lmm
/m/it/10.95 T\OT1/lmr/m/n/10.95 (\OML/lmm/m/it/10.95 h[]; h[]\OT1/lmr/m/n/10.95
 ) = \OML/lmm/m/it/10.95 T\OT1/lmr/m/n/10.95 (\OML/lmm/m/it/10.95 h[]; h[]\OT1/
lmr/m/n/10.95 )$
 []

[24]
Underfull \vbox (badness 10000) has occurred while \output is active []

 [25]
<isingtosos/freeene-lambda0-libre.pdf, id=839, 462.52798pt x 346.89601pt>
File: isingtosos/freeene-lambda0-libre.pdf Graphic file (type pdf)
<use isingtosos/freeene-lambda0-libre.pdf>
Package pdftex.def Info: isingtosos/freeene-lambda0-libre.pdf  used on input li
ne 198.
(pdftex.def)             Requested size: 209.12683pt x 156.8481pt.
<isingtosos/freeene-thermo-libre.pdf, id=840, 462.52798pt x 346.89601pt>
File: isingtosos/freeene-thermo-libre.pdf Graphic file (type pdf)
<use isingtosos/freeene-thermo-libre.pdf>
Package pdftex.def Info: isingtosos/freeene-thermo-libre.pdf  used on input lin
e 201.
(pdftex.def)             Requested size: 209.12683pt x 156.8481pt.

[26]
Underfull \vbox (badness 10000) has occurred while \output is active []

 [27 <./isingtosos/freeene-lambda0-libre.pdf> <./isingtosos/freeene-thermo-libr
e.pdf

pdfTeX warning: /usr/bin/pdflatex (file ./isingtosos/freeene-thermo-libre.pdf):
 PDF inclusion: multiple pdfs with page group included in a single page
>]
<isingtosos/figure-canonique.pdf, id=955, 462.52798pt x 346.89601pt>
File: isingtosos/figure-canonique.pdf Graphic file (type pdf)
<use isingtosos/figure-canonique.pdf>
Package pdftex.def Info: isingtosos/figure-canonique.pdf  used on input line 25
3.
(pdftex.def)             Requested size: 462.52684pt x 346.89516pt.


LaTeX Warning: `h' float specifier changed to `ht'.

[28]
Underfull \vbox (badness 10000) has occurred while \output is active []

 [29 <./isingtosos/figure-canonique.pdf>]
<isingtosos/hauteur-tm-sos.pdf, id=998, 462.52798pt x 346.89601pt>
File: isingtosos/hauteur-tm-sos.pdf Graphic file (type pdf)
<use isingtosos/hauteur-tm-sos.pdf>
Package pdftex.def Info: isingtosos/hauteur-tm-sos.pdf  used on input line 277.

(pdftex.def)             Requested size: 209.12683pt x 156.8481pt.
<isingtosos/figure-sos.pdf, id=1003, 578.16pt x 433.62pt>
File: isingtosos/figure-sos.pdf Graphic file (type pdf)
<use isingtosos/figure-sos.pdf>
Package pdftex.def Info: isingtosos/figure-sos.pdf  used on input line 288.
(pdftex.def)             Requested size: 292.77629pt x 219.58177pt.


LaTeX Warning: `h' float specifier changed to `ht'.

<isingtosos/hauteur-tm-pop.pdf, id=1008, 462.52798pt x 346.89601pt>
File: isingtosos/hauteur-tm-pop.pdf Graphic file (type pdf)
<use isingtosos/hauteur-tm-pop.pdf>
Package pdftex.def Info: isingtosos/hauteur-tm-pop.pdf  used on input line 294.

(pdftex.def)             Requested size: 209.12683pt x 156.8481pt.

Underfull \vbox (badness 2460) has occurred while \output is active []

 [30 <./isingtosos/hauteur-tm-sos.pdf>] [31 <./isingtosos/figure-sos.pdf>]
<isingtosos/comparaison-modeles.pdf, id=1144, 462.52798pt x 346.89601pt>
File: isingtosos/comparaison-modeles.pdf Graphic file (type pdf)
<use isingtosos/comparaison-modeles.pdf>
Package pdftex.def Info: isingtosos/comparaison-modeles.pdf  used on input line
 331.
(pdftex.def)             Requested size: 209.12683pt x 156.8481pt.
)
(./numerical/method.tex [32 <./isingtosos/hauteur-tm-pop.pdf>] [33 <./isingtoso
s/comparaison-modeles.pdf>] [34

]
Chapitre 3.
[35]
LaTeX Font Info:    Try loading font information for T1+lmtt on input line 22.
 (/usr/share/texmf/tex/latex/lm/t1lmtt.fd
File: t1lmtt.fd 2009/10/30 v1.6 Font defs for Latin Modern
)
LaTeX Font Info:    External font `lmex10' loaded for size
(Font)              <9> on input line 22.
LaTeX Font Info:    External font `lmex10' loaded for size
(Font)              <5> on input line 22.
 [36]
<numerical/sos-glau-eq-cor.pdf, id=1227, 462.52798pt x 346.89601pt>
File: numerical/sos-glau-eq-cor.pdf Graphic file (type pdf)
<use numerical/sos-glau-eq-cor.pdf>
Package pdftex.def Info: numerical/sos-glau-eq-cor.pdf  used on input line 56.
(pdftex.def)             Requested size: 462.52684pt x 346.89516pt.


LaTeX Warning: `h' float specifier changed to `ht'.

[37]
Underfull \vbox (badness 10000) has occurred while \output is active []

 [38 <./numerical/sos-glau-eq-cor.pdf>]
<numerical/sos-kaw-eq-cor.pdf, id=1261, 462.52798pt x 346.89601pt>
File: numerical/sos-kaw-eq-cor.pdf Graphic file (type pdf)
<use numerical/sos-kaw-eq-cor.pdf>
Package pdftex.def Info: numerical/sos-kaw-eq-cor.pdf  used on input line 83.
(pdftex.def)             Requested size: 462.52684pt x 346.89516pt.

Underfull \vbox (badness 10000) has occurred while \output is active []

 [39 <./numerical/sos-kaw-eq-cor.pdf>] [40] [41]) (./chap4/casimir.tex [42]
Chapitre 4.
[43

]
<chap4/freeene-lambda0-mu.pdf, id=1334, 462.52798pt x 346.89601pt>
File: chap4/freeene-lambda0-mu.pdf Graphic file (type pdf)
<use chap4/freeene-lambda0-mu.pdf>
Package pdftex.def Info: chap4/freeene-lambda0-mu.pdf  used on input line 24.
(pdftex.def)             Requested size: 167.2989pt x 125.4753pt.
<chap4/freeene-thermo-mu.pdf, id=1335, 462.52798pt x 346.89601pt>
File: chap4/freeene-thermo-mu.pdf Graphic file (type pdf)
<use chap4/freeene-thermo-mu.pdf>
Package pdftex.def Info: chap4/freeene-thermo-mu.pdf  used on input line 27.
(pdftex.def)             Requested size: 167.2989pt x 125.4753pt.
<chap4/longueur-correl.pdf, id=1336, 462.52798pt x 346.89601pt>
File: chap4/longueur-correl.pdf Graphic file (type pdf)
<use chap4/longueur-correl.pdf>
Package pdftex.def Info: chap4/longueur-correl.pdf  used on input line 30.
(pdftex.def)             Requested size: 167.2989pt x 125.4753pt.
<chap4/distribution-taille-finie.pdf, id=1337, 462.52798pt x 346.89601pt>
File: chap4/distribution-taille-finie.pdf Graphic file (type pdf)
<use chap4/distribution-taille-finie.pdf>
Package pdftex.def Info: chap4/distribution-taille-finie.pdf  used on input lin
e 33.
(pdftex.def)             Requested size: 167.2989pt x 125.4753pt.

Underfull \hbox (badness 10000) in paragraph at lines 23--35
[][][]
 []


Underfull \vbox (badness 10000) has occurred while \output is active []

 [44 <./chap4/freeene-lambda0-mu.pdf> <./chap4/freeene-thermo-mu.pdf

pdfTeX warning: /usr/bin/pdflatex (file ./chap4/freeene-thermo-mu.pdf): PDF inc
lusion: multiple pdfs with page group included in a single page
> <./chap4/longueur-correl.pdf

pdfTeX warning: /usr/bin/pdflatex (file ./chap4/longueur-correl.pdf): PDF inclu
sion: multiple pdfs with page group included in a single page
> <./chap4/distribution-taille-finie.pdf

pdfTeX warning: /usr/bin/pdflatex (file ./chap4/distribution-taille-finie.pdf):
 PDF inclusion: multiple pdfs with page group included in a single page
>]

Package caption Warning: \label without proper reference on input line 72.
See the caption package documentation for explanation.


LaTeX Warning: Reference `casimir-temperature' on page 45 undefined on input li
ne 55.

<chap4/casimir-distance-mu001.pdf, id=1480, 462.52798pt x 346.89601pt>
File: chap4/casimir-distance-mu001.pdf Graphic file (type pdf)
<use chap4/casimir-distance-mu001.pdf>
Package pdftex.def Info: chap4/casimir-distance-mu001.pdf  used on input line 6
3.
(pdftex.def)             Requested size: 167.2989pt x 125.4753pt.
<chap4/casimir-temperature-mu001.pdf, id=1481, 462.52798pt x 346.89601pt>
File: chap4/casimir-temperature-mu001.pdf Graphic file (type pdf)
<use chap4/casimir-temperature-mu001.pdf>
Package pdftex.def Info: chap4/casimir-temperature-mu001.pdf  used on input lin
e 66.
(pdftex.def)             Requested size: 167.2989pt x 125.4753pt.
<chap4/casimir-mu-t1.pdf, id=1482, 462.52798pt x 346.89601pt>
File: chap4/casimir-mu-t1.pdf Graphic file (type pdf)
<use chap4/casimir-mu-t1.pdf>
Package pdftex.def Info: chap4/casimir-mu-t1.pdf  used on input line 70.
(pdftex.def)             Requested size: 167.2989pt x 125.4753pt.
[45]

LaTeX Warning: Command \textperiodcentered invalid in math mode on input line 9
4.


LaTeX Warning: Command \textperiodcentered invalid in math mode on input line 9
4.


Underfull \vbox (badness 10000) has occurred while \output is active []

 [46 <./chap4/casimir-distance-mu001.pdf> <./chap4/casimir-temperature-mu001.pd
f

pdfTeX warning: /usr/bin/pdflatex (file ./chap4/casimir-temperature-mu001.pdf):
 PDF inclusion: multiple pdfs with page group included in a single page
> <./chap4/casimir-mu-t1.pdf

pdfTeX warning: /usr/bin/pdflatex (file ./chap4/casimir-mu-t1.pdf): PDF inclusi
on: multiple pdfs with page group included in a single page
>]
<numerical/cross-h0.pdf, id=1612, 325.215pt x 271.0125pt>
File: numerical/cross-h0.pdf Graphic file (type pdf)
<use numerical/cross-h0.pdf>
Package pdftex.def Info: numerical/cross-h0.pdf  used on input line 105.
(pdftex.def)             Requested size: 125.47737pt x 104.5655pt.
<numerical/cross-hlambda.pdf, id=1613, 325.215pt x 271.7352pt>
File: numerical/cross-hlambda.pdf Graphic file (type pdf)
<use numerical/cross-hlambda.pdf>
Package pdftex.def Info: numerical/cross-hlambda.pdf  used on input line 109.
(pdftex.def)             Requested size: 125.47737pt x 104.84433pt.
<numerical/cross-h1.pdf, id=1614, 324.4923pt x 271.0125pt>
File: numerical/cross-h1.pdf Graphic file (type pdf)
<use numerical/cross-h1.pdf>
Package pdftex.def Info: numerical/cross-h1.pdf  used on input line 114.
(pdftex.def)             Requested size: 125.47737pt x 104.79707pt.

Overfull \hbox (61.1888pt too wide) detected at line 125
[]
 []


Underfull \vbox (badness 10000) has occurred while \output is active []

 [47 <./numerical/cross-h0.pdf> <./numerical/cross-hlambda.pdf

pdfTeX warning: /usr/bin/pdflatex (file ./numerical/cross-hlambda.pdf): PDF inc
lusion: multiple pdfs with page group included in a single page
> <./numerical/cross-h1.pdf

pdfTeX warning: /usr/bin/pdflatex (file ./numerical/cross-h1.pdf): PDF inclusio
n: multiple pdfs with page group included in a single page
>] [48]
<chap4/comp-potentiels-chimiques.pdf, id=1655, 462.52798pt x 346.89601pt>
File: chap4/comp-potentiels-chimiques.pdf Graphic file (type pdf)
<use chap4/comp-potentiels-chimiques.pdf>
Package pdftex.def Info: chap4/comp-potentiels-chimiques.pdf  used on input lin
e 159.
(pdftex.def)             Requested size: 167.2989pt x 125.4753pt.
<chap4/free-ene-potentiels.pdf, id=1656, 462.52798pt x 346.89601pt>
File: chap4/free-ene-potentiels.pdf Graphic file (type pdf)
<use chap4/free-ene-potentiels.pdf>
Package pdftex.def Info: chap4/free-ene-potentiels.pdf  used on input line 162.

(pdftex.def)             Requested size: 167.2989pt x 125.4753pt.
<chap4/simu-tm-negstagged-l20.pdf, id=1657, 462.52798pt x 346.89601pt>
File: chap4/simu-tm-negstagged-l20.pdf Graphic file (type pdf)
<use chap4/simu-tm-negstagged-l20.pdf>
Package pdftex.def Info: chap4/simu-tm-negstagged-l20.pdf  used on input line 1
66.
(pdftex.def)             Requested size: 167.2989pt x 125.4753pt.

Underfull \vbox (badness 10000) has occurred while \output is active []

 [49 <./chap4/comp-potentiels-chimiques.pdf> <./chap4/free-ene-potentiels.pdf

pdfTeX warning: /usr/bin/pdflatex (file ./chap4/free-ene-potentiels.pdf): PDF i
nclusion: multiple pdfs with page group included in a single page
> <./chap4/simu-tm-negstagged-l20.pdf

pdfTeX warning: /usr/bin/pdflatex (file ./chap4/simu-tm-negstagged-l20.pdf): PD
F inclusion: multiple pdfs with page group included in a single page
>]
Overfull \hbox (7.96848pt too wide) in paragraph at lines 196--197
[]\T1/lmr/m/n/10.95 mettre en va-leur fi-gure 4.4, ÇA MARCHE avec le nu-mé-riqu
e, PLUS DE CONTEXTE ! ![] 
 []

) (./sosequi-laser/laser.tex [50] [51] [52

]
Chapitre 5.
[53]
Underfull \vbox (badness 1418) has occurred while \output is active []


Overfull \hbox (50.92105pt too wide) has occurred while \output is active
\T1/lmr/m/n/10.95 54 \T1/lmr/m/sl/10.95 CHAPITRE 5.  INTERACTION GAUSSIENNE AVE
C CHAMP MAGNÉTIQUE CONFINANT
 []

[54]
<sosequi-laser/etats-laser.pdf, id=1809, 462.52798pt x 346.89601pt>
File: sosequi-laser/etats-laser.pdf Graphic file (type pdf)
<use sosequi-laser/etats-laser.pdf>
Package pdftex.def Info: sosequi-laser/etats-laser.pdf  used on input line 66.
(pdftex.def)             Requested size: 209.12683pt x 156.8481pt.
<sosequi-laser/energies-laser.pdf, id=1810, 462.52798pt x 346.89601pt>
File: sosequi-laser/energies-laser.pdf Graphic file (type pdf)
<use sosequi-laser/energies-laser.pdf>
Package pdftex.def Info: sosequi-laser/energies-laser.pdf  used on input line 6
9.
(pdftex.def)             Requested size: 209.12683pt x 156.8481pt.
 [55]
Underfull \vbox (badness 10000) has occurred while \output is active []


Overfull \hbox (50.92105pt too wide) has occurred while \output is active
\T1/lmr/m/n/10.95 56 \T1/lmr/m/sl/10.95 CHAPITRE 5.  INTERACTION GAUSSIENNE AVE
C CHAMP MAGNÉTIQUE CONFINANT
 []

[56 <./sosequi-laser/etats-laser.pdf> <./sosequi-laser/energies-laser.pdf

pdfTeX warning: /usr/bin/pdflatex (file ./sosequi-laser/energies-laser.pdf): PD
F inclusion: multiple pdfs with page group included in a single page
>]
<sosequi-laser/histo.pdf, id=1900, 462.52798pt x 346.89601pt>
File: sosequi-laser/histo.pdf Graphic file (type pdf)
<use sosequi-laser/histo.pdf>
Package pdftex.def Info: sosequi-laser/histo.pdf  used on input line 109.
(pdftex.def)             Requested size: 209.12683pt x 156.8481pt.
<sosequi-laser/loghisto.pdf, id=1901, 462.52798pt x 346.89601pt>
File: sosequi-laser/loghisto.pdf Graphic file (type pdf)
<use sosequi-laser/loghisto.pdf>
Package pdftex.def Info: sosequi-laser/loghisto.pdf  used on input line 112.
(pdftex.def)             Requested size: 209.12683pt x 156.8481pt.
<sosequi-laser/comp-airy-kaw-glau.pdf, id=1906, 462.52798pt x 346.89601pt>
File: sosequi-laser/comp-airy-kaw-glau.pdf Graphic file (type pdf)
<use sosequi-laser/comp-airy-kaw-glau.pdf>
Package pdftex.def Info: sosequi-laser/comp-airy-kaw-glau.pdf  used on input li
ne 121.
(pdftex.def)             Requested size: 209.12683pt x 156.8481pt.

Underfull \vbox (badness 6110) has occurred while \output is active []

 [57 <./sosequi-laser/histo.pdf> <./sosequi-laser/loghisto.pdf

pdfTeX warning: /usr/bin/pdflatex (file ./sosequi-laser/loghisto.pdf): PDF incl
usion: multiple pdfs with page group included in a single page
>]
Underfull \vbox (badness 10000) has occurred while \output is active []


Overfull \hbox (50.92105pt too wide) has occurred while \output is active
\T1/lmr/m/n/10.95 58 \T1/lmr/m/sl/10.95 CHAPITRE 5.  INTERACTION GAUSSIENNE AVE
C CHAMP MAGNÉTIQUE CONFINANT
 []

[58 <./sosequi-laser/comp-airy-kaw-glau.pdf>]
Overfull \hbox (24.87733pt too wide) detected at line 183
[]
 []


Underfull \vbox (badness 10000) has occurred while \output is active []

 [59]
Overfull \hbox (50.71243pt too wide) detected at line 195
[]
 []

<sosequi-laser/sigma-perp.pdf, id=2071, 462.52798pt x 346.89601pt>
File: sosequi-laser/sigma-perp.pdf Graphic file (type pdf)
<use sosequi-laser/sigma-perp.pdf>
Package pdftex.def Info: sosequi-laser/sigma-perp.pdf  used on input line 213.
(pdftex.def)             Requested size: 209.12683pt x 156.8481pt.
<sosequi-laser/sigma-para.pdf, id=2072, 462.52798pt x 346.89601pt>
File: sosequi-laser/sigma-para.pdf Graphic file (type pdf)
<use sosequi-laser/sigma-para.pdf>
Package pdftex.def Info: sosequi-laser/sigma-para.pdf  used on input line 216.
(pdftex.def)             Requested size: 209.12683pt x 156.8481pt.

Underfull \vbox (badness 10000) has occurred while \output is active []


Overfull \hbox (50.92105pt too wide) has occurred while \output is active
\T1/lmr/m/n/10.95 60 \T1/lmr/m/sl/10.95 CHAPITRE 5.  INTERACTION GAUSSIENNE AVE
C CHAMP MAGNÉTIQUE CONFINANT
 []

[60]
Underfull \vbox (badness 10000) has occurred while \output is active []

 [61 <./sosequi-laser/sigma-perp.pdf> <./sosequi-laser/sigma-para.pdf

pdfTeX warning: /usr/bin/pdflatex (file ./sosequi-laser/sigma-para.pdf): PDF in
clusion: multiple pdfs with page group included in a single page
>]
<sosequi-laser/ene-kaw-airy.pdf, id=2202, 462.52798pt x 346.89601pt>
File: sosequi-laser/ene-kaw-airy.pdf Graphic file (type pdf)
<use sosequi-laser/ene-kaw-airy.pdf>
Package pdftex.def Info: sosequi-laser/ene-kaw-airy.pdf  used on input line 256
.
(pdftex.def)             Requested size: 209.12683pt x 156.8481pt.
<sosequi-laser/sigma-kaw-airy.pdf, id=2203, 462.52798pt x 346.89601pt>
File: sosequi-laser/sigma-kaw-airy.pdf Graphic file (type pdf)
<use sosequi-laser/sigma-kaw-airy.pdf>
Package pdftex.def Info: sosequi-laser/sigma-kaw-airy.pdf  used on input line 2
59.
(pdftex.def)             Requested size: 209.12683pt x 156.8481pt.


Package natbib Warning: Citation `winter_finite-size_2010' on page 62 undefined
 on input line 266.


Overfull \hbox (50.92105pt too wide) has occurred while \output is active
\T1/lmr/m/n/10.95 62 \T1/lmr/m/sl/10.95 CHAPITRE 5.  INTERACTION GAUSSIENNE AVE
C CHAMP MAGNÉTIQUE CONFINANT
 []

[62] [63 <./sosequi-laser/ene-kaw-airy.pdf> <./sosequi-laser/sigma-kaw-airy.pdf


pdfTeX warning: /usr/bin/pdflatex (file ./sosequi-laser/sigma-kaw-airy.pdf): PD
F inclusion: multiple pdfs with page group included in a single page
>]) (./main.bbl
Overfull \hbox (50.92105pt too wide) has occurred while \output is active
\T1/lmr/m/n/10.95 64 \T1/lmr/m/sl/10.95 CHAPITRE 5.  INTERACTION GAUSSIENNE AVE
C CHAMP MAGNÉTIQUE CONFINANT
 []

[64] [65

] [66] [67] [68]
Underfull \hbox (badness 1152) in paragraph at lines 304--309
\T1/lmr/m/n/10.95 dissipation re-la-tion in a shea-red fluid.  \T1/lmr/m/it/10.
95 The Jour-nal of Che-mi-cal Phy-sics\T1/lmr/m/n/10.95 ,
 []

[69] [70] [71])

Package natbib Warning: There were undefined citations.

Package atveryend Info: Empty hook `BeforeClearDocument' on input line 92.
[72]
Package atveryend Info: Empty hook `AfterLastShipout' on input line 92.
 (./main.aux)
Package atveryend Info: Executing hook `AtVeryEndDocument' on input line 92.
Package atveryend Info: Executing hook `AtEndAfterFileList' on input line 92.
Package rerunfilecheck Info: File `main.out' has not changed.
(rerunfilecheck)             Checksum: DA3A5B355F8AF36BCF212A2360CCAEBC;3022.


LaTeX Warning: There were undefined references.


LaTeX Warning: There were multiply-defined labels.

Package atveryend Info: Empty hook `AtVeryVeryEnd' on input line 92.
 ) 
Here is how much of TeX's memory you used:
 21553 strings out of 492609
 378867 string characters out of 6131462
 596036 words of memory out of 5000000
 24752 multiletter control sequences out of 15000+600000
 634679 words of font info for 105 fonts, out of 8000000 for 9000
 1141 hyphenation exceptions out of 8191
 47i,20n,65p,1280b,808s stack positions out of 5000i,500n,10000p,200000b,80000s
pdfTeX warning (dest): name{Hfootnote.9} has been referenced but does not exi
st, replaced by a fixed one

pdfTeX warning (dest): name{Hfootnote.8} has been referenced but does not exist
, replaced by a fixed one

pdfTeX warning (dest): name{Hfootnote.7} has been referenced but does not exist
, replaced by a fixed one

pdfTeX warning (dest): name{Hfootnote.6} has been referenced but does not exist
, replaced by a fixed one

pdfTeX warning (dest): name{Hfootnote.5} has been referenced but does not exist
, replaced by a fixed one

pdfTeX warning (dest): name{Hfootnote.4} has been referenced but does not exist
, replaced by a fixed one

pdfTeX warning (dest): name{Hfootnote.3} has been referenced but does not exist
, replaced by a fixed one

pdfTeX warning (dest): name{Hfootnote.2} has been referenced but does not exist
, replaced by a fixed one

pdfTeX warning (dest): name{Hfootnote.1} has been referenced but does not exist
, replaced by a fixed one

{/usr/share/texmf/fonts/enc/dvips/lm/lm-mathit.enc}{/usr/share/texmf/fonts/enc/
dvips/lm/lm-rm.enc}{/usr/share/texmf/fonts/enc/dvips/lm/lm-mathsy.enc}{/usr/sha
re/texmf/fonts/enc/dvips/lm/lm-ec.enc}{/usr/share/texmf/fonts/enc/dvips/lm/lm-m
athex.enc}</usr/share/texlive/texmf-dist/fonts/type1/public/amsfonts/cm/cmmi10.
pfb></usr/share/texlive/texmf-dist/fonts/type1/public/amsfonts/cm/cmmi12.pfb></
usr/share/texlive/texmf-dist/fonts/type1/public/amsfonts/cm/cmmi8.pfb></usr/sha
re/texlive/texmf-dist/fonts/type1/public/amsfonts/cm/cmr12.pfb></usr/share/texl
ive/texmf-dist/fonts/type1/public/amsfonts/cm/cmr17.pfb></usr/share/texlive/tex
mf-dist/fonts/type1/public/amsfonts/cm/cmsy10.pfb></usr/share/texmf/fonts/type1
/public/lm/lmbx10.pfb></usr/share/texmf/fonts/type1/public/lm/lmbx12.pfb></usr/
share/texmf/fonts/type1/public/lm/lmbx6.pfb></usr/share/texmf/fonts/type1/publi
c/lm/lmbx8.pfb></usr/share/texmf/fonts/type1/public/lm/lmcsc10.pfb></usr/share/
texmf/fonts/type1/public/lm/lmex10.pfb></usr/share/texmf/fonts/type1/public/lm/
lmmi10.pfb></usr/share/texmf/fonts/type1/public/lm/lmmi12.pfb></usr/share/texmf
/fonts/type1/public/lm/lmmi6.pfb></usr/share/texmf/fonts/type1/public/lm/lmmi8.
pfb></usr/share/texmf/fonts/type1/public/lm/lmmi9.pfb></usr/share/texmf/fonts/t
ype1/public/lm/lmmib10.pfb></usr/share/texmf/fonts/type1/public/lm/lmr10.pfb></
usr/share/texmf/fonts/type1/public/lm/lmr6.pfb></usr/share/texmf/fonts/type1/pu
blic/lm/lmr8.pfb></usr/share/texmf/fonts/type1/public/lm/lmr9.pfb></usr/share/t
exmf/fonts/type1/public/lm/lmri10.pfb></usr/share/texmf/fonts/type1/public/lm/l
mri9.pfb></usr/share/texmf/fonts/type1/public/lm/lmro10.pfb></usr/share/texmf/f
onts/type1/public/lm/lmsy10.pfb></usr/share/texmf/fonts/type1/public/lm/lmsy6.p
fb></usr/share/texmf/fonts/type1/public/lm/lmsy8.pfb></usr/share/texmf/fonts/ty
pe1/public/lm/lmsy9.pfb></usr/share/texmf/fonts/type1/public/lm/lmtt9.pfb></usr
/share/texlive/texmf-dist/fonts/type1/urw/helvetic/uhvr8a.pfb>
Output written on main.pdf (78 pages, 1380220 bytes).
PDF statistics:
 2523 PDF objects out of 2984 (max. 8388607)
 1646 compressed objects within 17 object streams
 410 named destinations out of 1000 (max. 500000)
 534 words of extra memory for PDF output out of 10000 (max. 10000000)

