This is pdfTeX, Version 3.14159265-2.6-1.40.20 (TeX Live 2019/Debian) (preloaded format=pdflatex 2020.3.19)  4 MAY 2020 16:23
entering extended mode
 restricted \write18 enabled.
 %&-line parsing enabled.
**dean.tex
(./dean.tex
LaTeX2e <2018-12-01>
(/usr/share/texlive/texmf-dist/tex/latex/base/report.cls
Document Class: report 2018/09/03 v1.4i Standard LaTeX document class
(/usr/share/texlive/texmf-dist/tex/latex/base/size11.clo
File: size11.clo 2018/09/03 v1.4i Standard LaTeX file (size option)
)
\c@part=\count80
\c@chapter=\count81
\c@section=\count82
\c@subsection=\count83
\c@subsubsection=\count84
\c@paragraph=\count85
\c@subparagraph=\count86
\c@figure=\count87
\c@table=\count88
\abovecaptionskip=\skip41
\belowcaptionskip=\skip42
\bibindent=\dimen102
)
(/usr/share/texlive/texmf-dist/tex/latex/geometry/geometry.sty
Package: geometry 2018/04/16 v5.8 Page Geometry

(/usr/share/texlive/texmf-dist/tex/latex/graphics/keyval.sty
Package: keyval 2014/10/28 v1.15 key=value parser (DPC)
\KV@toks@=\toks14
)
(/usr/share/texlive/texmf-dist/tex/generic/oberdiek/ifpdf.sty
Package: ifpdf 2018/09/07 v3.3 Provides the ifpdf switch
)
(/usr/share/texlive/texmf-dist/tex/generic/oberdiek/ifvtex.sty
Package: ifvtex 2016/05/16 v1.6 Detect VTeX and its facilities (HO)
Package ifvtex Info: VTeX not detected.
)
(/usr/share/texlive/texmf-dist/tex/generic/ifxetex/ifxetex.sty
Package: ifxetex 2010/09/12 v0.6 Provides ifxetex conditional
)
\Gm@cnth=\count89
\Gm@cntv=\count90
\c@Gm@tempcnt=\count91
\Gm@bindingoffset=\dimen103
\Gm@wd@mp=\dimen104
\Gm@odd@mp=\dimen105
\Gm@even@mp=\dimen106
\Gm@layoutwidth=\dimen107
\Gm@layoutheight=\dimen108
\Gm@layouthoffset=\dimen109
\Gm@layoutvoffset=\dimen110
\Gm@dimlist=\toks15
)
(/usr/share/texlive/texmf-dist/tex/latex/graphics/graphicx.sty
Package: graphicx 2017/06/01 v1.1a Enhanced LaTeX Graphics (DPC,SPQR)

(/usr/share/texlive/texmf-dist/tex/latex/graphics/graphics.sty
Package: graphics 2017/06/25 v1.2c Standard LaTeX Graphics (DPC,SPQR)

(/usr/share/texlive/texmf-dist/tex/latex/graphics/trig.sty
Package: trig 2016/01/03 v1.10 sin cos tan (DPC)
)
(/usr/share/texlive/texmf-dist/tex/latex/graphics-cfg/graphics.cfg
File: graphics.cfg 2016/06/04 v1.11 sample graphics configuration
)
Package graphics Info: Driver file: pdftex.def on input line 99.

(/usr/share/texlive/texmf-dist/tex/latex/graphics-def/pdftex.def
File: pdftex.def 2018/01/08 v1.0l Graphics/color driver for pdftex
))
\Gin@req@height=\dimen111
\Gin@req@width=\dimen112
)
(/usr/share/texlive/texmf-dist/tex/latex/amsfonts/amssymb.sty
Package: amssymb 2013/01/14 v3.01 AMS font symbols

(/usr/share/texlive/texmf-dist/tex/latex/amsfonts/amsfonts.sty
Package: amsfonts 2013/01/14 v3.01 Basic AMSFonts support
\@emptytoks=\toks16
\symAMSa=\mathgroup4
\symAMSb=\mathgroup5
LaTeX Font Info:    Overwriting math alphabet `\mathfrak' in version `bold'
(Font)                  U/euf/m/n --> U/euf/b/n on input line 106.
))
(/usr/share/texlive/texmf-dist/tex/latex/amsmath/amsmath.sty
Package: amsmath 2018/12/01 v2.17b AMS math features
\@mathmargin=\skip43

For additional information on amsmath, use the `?' option.
(/usr/share/texlive/texmf-dist/tex/latex/amsmath/amstext.sty
Package: amstext 2000/06/29 v2.01 AMS text

(/usr/share/texlive/texmf-dist/tex/latex/amsmath/amsgen.sty
File: amsgen.sty 1999/11/30 v2.0 generic functions
\@emptytoks=\toks17
\ex@=\dimen113
))
(/usr/share/texlive/texmf-dist/tex/latex/amsmath/amsbsy.sty
Package: amsbsy 1999/11/29 v1.2d Bold Symbols
\pmbraise@=\dimen114
)
(/usr/share/texlive/texmf-dist/tex/latex/amsmath/amsopn.sty
Package: amsopn 2016/03/08 v2.02 operator names
)
\inf@bad=\count92
LaTeX Info: Redefining \frac on input line 223.
\uproot@=\count93
\leftroot@=\count94
LaTeX Info: Redefining \overline on input line 385.
\classnum@=\count95
\DOTSCASE@=\count96
LaTeX Info: Redefining \ldots on input line 482.
LaTeX Info: Redefining \dots on input line 485.
LaTeX Info: Redefining \cdots on input line 606.
\Mathstrutbox@=\box27
\strutbox@=\box28
\big@size=\dimen115
LaTeX Font Info:    Redeclaring font encoding OML on input line 729.
LaTeX Font Info:    Redeclaring font encoding OMS on input line 730.
\macc@depth=\count97
\c@MaxMatrixCols=\count98
\dotsspace@=\muskip10
\c@parentequation=\count99
\dspbrk@lvl=\count100
\tag@help=\toks18
\row@=\count101
\column@=\count102
\maxfields@=\count103
\andhelp@=\toks19
\eqnshift@=\dimen116
\alignsep@=\dimen117
\tagshift@=\dimen118
\tagwidth@=\dimen119
\totwidth@=\dimen120
\lineht@=\dimen121
\@envbody=\toks20
\multlinegap=\skip44
\multlinetaggap=\skip45
\mathdisplay@stack=\toks21
LaTeX Info: Redefining \[ on input line 2844.
LaTeX Info: Redefining \] on input line 2845.
)
(/usr/share/texlive/texmf-dist/tex/latex/oberdiek/epstopdf.sty
Package: epstopdf 2016/05/15 v2.6 Conversion with epstopdf on the fly (HO)

(/usr/share/texlive/texmf-dist/tex/latex/oberdiek/epstopdf-base.sty
Package: epstopdf-base 2016/05/15 v2.6 Base part for package epstopdf

(/usr/share/texlive/texmf-dist/tex/generic/oberdiek/infwarerr.sty
Package: infwarerr 2016/05/16 v1.4 Providing info/warning/error messages (HO)
)
(/usr/share/texlive/texmf-dist/tex/latex/oberdiek/grfext.sty
Package: grfext 2016/05/16 v1.2 Manage graphics extensions (HO)

(/usr/share/texlive/texmf-dist/tex/generic/oberdiek/kvdefinekeys.sty
Package: kvdefinekeys 2016/05/16 v1.4 Define keys (HO)

(/usr/share/texlive/texmf-dist/tex/generic/oberdiek/ltxcmds.sty
Package: ltxcmds 2016/05/16 v1.23 LaTeX kernel commands for general use (HO)
)))
(/usr/share/texlive/texmf-dist/tex/latex/oberdiek/kvoptions.sty
Package: kvoptions 2016/05/16 v3.12 Key value format for package options (HO)

(/usr/share/texlive/texmf-dist/tex/generic/oberdiek/kvsetkeys.sty
Package: kvsetkeys 2016/05/16 v1.17 Key value parser (HO)

(/usr/share/texlive/texmf-dist/tex/generic/oberdiek/etexcmds.sty
Package: etexcmds 2016/05/16 v1.6 Avoid name clashes with e-TeX commands (HO)

(/usr/share/texlive/texmf-dist/tex/generic/oberdiek/ifluatex.sty
Package: ifluatex 2016/05/16 v1.4 Provides the ifluatex switch (HO)
Package ifluatex Info: LuaTeX not detected.
))))
(/usr/share/texlive/texmf-dist/tex/generic/oberdiek/pdftexcmds.sty
Package: pdftexcmds 2018/09/10 v0.29 Utility functions of pdfTeX for LuaTeX (HO
)
Package pdftexcmds Info: LuaTeX not detected.
Package pdftexcmds Info: \pdf@primitive is available.
Package pdftexcmds Info: \pdf@ifprimitive is available.
Package pdftexcmds Info: \pdfdraftmode found.
)
Package epstopdf-base Info: Redefining graphics rule for `.eps' on input line 4
38.
Package grfext Info: Graphics extension search list:
(grfext)             [.pdf,.png,.jpg,.mps,.jpeg,.jbig2,.jb2,.PDF,.PNG,.JPG,.JPE
G,.JBIG2,.JB2,.eps]
(grfext)             \AppendGraphicsExtensions on input line 456.

(/usr/share/texlive/texmf-dist/tex/latex/latexconfig/epstopdf-sys.cfg
File: epstopdf-sys.cfg 2010/07/13 v1.3 Configuration of (r)epstopdf for TeX Liv
e
)))
(/usr/share/texlive/texmf-dist/tex/latex/braket/braket.sty)
(/usr/share/texlive/texmf-dist/tex/latex/tools/xspace.sty
Package: xspace 2014/10/28 v1.13 Space after command names (DPC,MH)
)
(/usr/share/texlive/texmf-dist/tex/latex/mathtools/mathtools.sty
Package: mathtools 2018/01/08 v1.21 mathematical typesetting tools

(/usr/share/texlive/texmf-dist/tex/latex/tools/calc.sty
Package: calc 2017/05/25 v4.3 Infix arithmetic (KKT,FJ)
\calc@Acount=\count104
\calc@Bcount=\count105
\calc@Adimen=\dimen122
\calc@Bdimen=\dimen123
\calc@Askip=\skip46
\calc@Bskip=\skip47
LaTeX Info: Redefining \setlength on input line 80.
LaTeX Info: Redefining \addtolength on input line 81.
\calc@Ccount=\count106
\calc@Cskip=\skip48
)
(/usr/share/texlive/texmf-dist/tex/latex/mathtools/mhsetup.sty
Package: mhsetup 2017/03/31 v1.3 programming setup (MH)
)
LaTeX Info: Thecontrolsequence`\('isalreadyrobust on input line 129.
LaTeX Info: Thecontrolsequence`\)'isalreadyrobust on input line 129.
LaTeX Info: Thecontrolsequence`\['isalreadyrobust on input line 129.
LaTeX Info: Thecontrolsequence`\]'isalreadyrobust on input line 129.
\g_MT_multlinerow_int=\count107
\l_MT_multwidth_dim=\dimen124
\origjot=\skip49
\l_MT_shortvdotswithinadjustabove_dim=\dimen125
\l_MT_shortvdotswithinadjustbelow_dim=\dimen126
\l_MT_above_intertext_sep=\dimen127
\l_MT_below_intertext_sep=\dimen128
\l_MT_above_shortintertext_sep=\dimen129
\l_MT_below_shortintertext_sep=\dimen130
) (./dean.aux

LaTeX Warning: Label `bstep2' multiply defined.

)
\openout1 = `dean.aux'.

LaTeX Font Info:    Checking defaults for OML/cmm/m/it on input line 17.
LaTeX Font Info:    ... okay on input line 17.
LaTeX Font Info:    Checking defaults for T1/cmr/m/n on input line 17.
LaTeX Font Info:    ... okay on input line 17.
LaTeX Font Info:    Checking defaults for OT1/cmr/m/n on input line 17.
LaTeX Font Info:    ... okay on input line 17.
LaTeX Font Info:    Checking defaults for OMS/cmsy/m/n on input line 17.
LaTeX Font Info:    ... okay on input line 17.
LaTeX Font Info:    Checking defaults for OMX/cmex/m/n on input line 17.
LaTeX Font Info:    ... okay on input line 17.
LaTeX Font Info:    Checking defaults for U/cmr/m/n on input line 17.
LaTeX Font Info:    ... okay on input line 17.

*geometry* driver: auto-detecting
*geometry* detected driver: pdftex
*geometry* verbose mode - [ preamble ] result:
* driver: pdftex
* paper: letterpaper
* layout: <same size as paper>
* layoutoffset:(h,v)=(0.0pt,0.0pt)
* modes: 
* h-part:(L,W,R)=(92.14519pt, 430.00462pt, 92.14519pt)
* v-part:(T,H,B)=(95.39737pt, 556.47656pt, 143.09605pt)
* \paperwidth=614.295pt
* \paperheight=794.96999pt
* \textwidth=430.00462pt
* \textheight=556.47656pt
* \oddsidemargin=19.8752pt
* \evensidemargin=19.8752pt
* \topmargin=-13.87262pt
* \headheight=12.0pt
* \headsep=25.0pt
* \topskip=11.0pt
* \footskip=30.0pt
* \marginparwidth=59.0pt
* \marginparsep=10.0pt
* \columnsep=10.0pt
* \skip\footins=10.0pt plus 4.0pt minus 2.0pt
* \hoffset=0.0pt
* \voffset=0.0pt
* \mag=1000
* \@twocolumnfalse
* \@twosidefalse
* \@mparswitchfalse
* \@reversemarginfalse
* (1in=72.27pt=25.4mm, 1cm=28.453pt)

(/usr/share/texlive/texmf-dist/tex/context/base/mkii/supp-pdf.mkii
[Loading MPS to PDF converter (version 2006.09.02).]
\scratchcounter=\count108
\scratchdimen=\dimen131
\scratchbox=\box29
\nofMPsegments=\count109
\nofMParguments=\count110
\everyMPshowfont=\toks22
\MPscratchCnt=\count111
\MPscratchDim=\dimen132
\MPnumerator=\count112
\makeMPintoPDFobject=\count113
\everyMPtoPDFconversion=\toks23
)
LaTeX Font Info:    Try loading font information for U+msa on input line 21.
 (/usr/share/texlive/texmf-dist/tex/latex/amsfonts/umsa.fd
File: umsa.fd 2013/01/14 v3.01 AMS symbols A
)
LaTeX Font Info:    Try loading font information for U+msb on input line 21.

(/usr/share/texlive/texmf-dist/tex/latex/amsfonts/umsb.fd
File: umsb.fd 2013/01/14 v3.01 AMS symbols B
) [1

{/var/lib/texmf/fonts/map/pdftex/updmap/pdftex.map}] (./dean.toc)
\tf@toc=\write3
\openout3 = `dean.toc'.

 [1

] [2]
Chapter 1.
LaTeX Font Info:    Try loading font information for OMS+cmr on input line 32.
(/usr/share/texlive/texmf-dist/tex/latex/base/omscmr.fd
File: omscmr.fd 2014/09/29 v2.5h Standard LaTeX font definitions
)
LaTeX Font Info:    Font shape `OMS/cmr/m/n' in size <10.95> not available
(Font)              Font shape `OMS/cmsy/m/n' tried instead on input line 32.
 [3

]

Package amsmath Warning: Foreign command \over;
(amsmath)                \frac or \genfrac should be used instead
(amsmath)                 on input line 61.

[4] [5] [6] [7] [8]
Overfull \hbox (34.46829pt too wide) in paragraph at lines 263--266
\OT1/cmr/m/n/10.95 Using time trans-la-tional in-vari-ance of the equi-lib-rium
 state we thus have $\OMS/cmsy/m/n/10.95 h\OML/cmm/m/it/10.95 V[]V[]\OMS/cmsy/m
/n/10.95 i \OT1/cmr/m/n/10.95 = [] [](\OMS/cmsy/m/n/10.95 ^^@[]j\OML/cmm/m/it/1
0.95 s \OMS/cmsy/m/n/10.95 ^^@
 []

[9] [10] [11] [12] [13] [14] [15] [16]

LaTeX Warning: Reference `1dpot' on page 17 undefined on input line 511.

[17] [18] [19] [20] [21] [22]
Overfull \hbox (6.81236pt too wide) detected at line 752
\OMS/cmsy/m/n/10.95 h[]\OT1/cmr/m/n/10.95 (\OML/cmm/m/it/10.95 !\OT1/cmr/m/n/10
.95 )[](\OML/cmm/m/it/10.95 ![]\OT1/cmr/m/n/10.95 )\OMS/cmsy/m/n/10.95 i \OT1/c
mr/m/n/10.95 = 2\OML/cmm/m/it/10.95 ^^Y^^N\OT1/cmr/m/n/10.95 (\OML/cmm/m/it/10.
95 ! \OT1/cmr/m/n/10.95 + \OML/cmm/m/it/10.95 ![]\OT1/cmr/m/n/10.95 )[](\OML/cm
m/m/it/10.95 !\OT1/cmr/m/n/10.95 ) = 4\OML/cmm/m/it/10.95 ^^Yk[]T^^M^^N\OT1/cmr
/m/n/10.95 (\OML/cmm/m/it/10.95 ! \OT1/cmr/m/n/10.95 + \OML/cmm/m/it/10.95 ![]\
OT1/cmr/m/n/10.95 )[] \OMS/cmsy/m/n/10.95 ^^B []\OML/cmm/m/it/10.95 ;
 []

[23] [24]
Chapter 2.
[25

]
Overfull \hbox (5.686pt too wide) in paragraph at lines 865--867
\OT1/cmr/m/n/10.95 if $\OML/cmm/m/it/10.95 H\OT1/cmr/m/n/10.95 (\OML/cmm/m/it/1
0.95 S[]; S[]; []  ; \OMS/cmsy/m/n/10.95 ^^@\OML/cmm/m/it/10.95 S[]; [] S[]\OT1
/cmr/m/n/10.95 ) \OML/cmm/m/it/10.95 < H\OT1/cmr/m/n/10.95 (\OML/cmm/m/it/10.95
 S[]; S[]; []  ; S[]; [] S[]\OT1/cmr/m/n/10.95 )$ but if $\OML/cmm/m/it/10.95 H
\OT1/cmr/m/n/10.95 (\OML/cmm/m/it/10.95 S[]; S[]; []  ; \OMS/cmsy/m/n/10.95 ^^@
\OML/cmm/m/it/10.95 S[]; [] S[]\OT1/cmr/m/n/10.95 ) \OML/cmm/m/it/10.95 >
 []

[26] [27] [28] [29] [30] [31] [32]
Overfull \hbox (49.53293pt too wide) detected at line 1127
\OML/cmm/m/it/10.95 C[]\OT1/cmr/m/n/10.95 (\OML/cmm/m/it/10.95 t\OT1/cmr/m/n/10
.95 ) = \OMS/cmsy/m/n/10.95 h\OML/cmm/m/it/10.95 B\OT1/cmr/m/n/10.95 (\OML/cmm/
m/it/10.95 t\OT1/cmr/m/n/10.95 )\OML/cmm/m/it/10.95 A\OT1/cmr/m/n/10.95 (0)\OMS
/cmsy/m/n/10.95 i \OT1/cmr/m/n/10.95 = [] \OML/cmm/m/it/10.95 P\OT1/cmr/m/n/10.
95 (\OML/cmm/m/it/10.95 C\OMS/cmsy/m/n/10.95 j\OML/cmm/m/it/10.95 C[]; t\OT1/cm
r/m/n/10.95 )\OML/cmm/m/it/10.95 P[]\OT1/cmr/m/n/10.95 (\OML/cmm/m/it/10.95 C[]
\OT1/cmr/m/n/10.95 )\OML/cmm/m/it/10.95 B\OT1/cmr/m/n/10.95 (\OML/cmm/m/it/10.9
5 C\OT1/cmr/m/n/10.95 )\OML/cmm/m/it/10.95 A\OT1/cmr/m/n/10.95 (\OML/cmm/m/it/1
0.95 C[]\OT1/cmr/m/n/10.95 ) = [] \OML/cmm/m/it/10.95 B\OT1/cmr/m/n/10.95 (\OML
/cmm/m/it/10.95 C\OT1/cmr/m/n/10.95 ) [] [] (\OML/cmm/m/it/10.95 C; C[]\OT1/cmr
/m/n/10.95 )\OML/cmm/m/it/10.95 P[]\OT1/cmr/m/n/10.95 (\OML/cmm/m/it/10.95 C[]\
OT1/cmr/m/n/10.95 )\OML/cmm/m/it/10.95 A\OT1/cmr/m/n/10.95 (\OML/cmm/m/it/10.95
 C[]\OT1/cmr/m/n/10.95 )\OML/cmm/m/it/10.95 ;
 []

[33] [34] [35] [36] [37]
Chapter 3.

Overfull \hbox (27.63307pt too wide) detected at line 1282
\OML/cmm/m/it/10.95 W\OT1/cmr/m/n/10.95 (\OML/cmm/m/it/10.95 ^^[[] \OMS/cmsy/m/
n/10.95 ! ^^@\OML/cmm/m/it/10.95 ^^[[]\OT1/cmr/m/n/10.95 ) = \OML/cmm/m/it/10.9
5 w[][]:
 []


Overfull \hbox (40.1651pt too wide) detected at line 1298
\OML/cmm/m/it/10.95 W\OT1/cmr/m/n/10.95 (\OML/cmm/m/it/10.95 ^^[[] \OMS/cmsy/m/
n/10.95 ! ^^@\OML/cmm/m/it/10.95 ^^[[]\OT1/cmr/m/n/10.95 ) = \OML/cmm/m/it/10.9
5 w[][] \OT1/cmr/m/n/10.95 = [] = []\OML/cmm/m/it/10.95 ;
 []

[38

]
Overfull \hbox (50.94684pt too wide) detected at line 1320
[] \OT1/cmr/m/n/10.95 = [] \OML/cmm/m/it/10.95 W\OT1/cmr/m/n/10.95 (\OMS/cmsy/m
/n/10.95 ^^@\OML/cmm/m/it/10.95 ^^[[] \OMS/cmsy/m/n/10.95 ! \OML/cmm/m/it/10.95
 ^^[[]\OT1/cmr/m/n/10.95 )\OML/cmm/m/it/10.95 P\OT1/cmr/m/n/10.95 (\OML/cmm/m/i
t/10.95 ^^[[];  ^^[[]; []  ; \OMS/cmsy/m/n/10.95 ^^@\OML/cmm/m/it/10.95 ^^[[] [
] ^^[[]\OT1/cmr/m/n/10.95 ) \OMS/cmsy/m/n/10.95 ^^@ [] \OML/cmm/m/it/10.95 W\OT
1/cmr/m/n/10.95 (\OML/cmm/m/it/10.95 ^^[[] \OMS/cmsy/m/n/10.95 ! ^^@\OML/cmm/m/
it/10.95 ^^[[]\OT1/cmr/m/n/10.95 )\OML/cmm/m/it/10.95 P\OT1/cmr/m/n/10.95 (\OML
/cmm/m/it/10.95 ^^[[];  ^^[[]; []  ; ^^[[] [] ^^[[]\OT1/cmr/m/n/10.95 )\OML/cmm
/m/it/10.95 ;
 []


Overfull \hbox (83.28123pt too wide) in alignment at lines 1331--1334
 [][][] []
 []


Overfull \hbox (70.51189pt too wide) in alignment at lines 1336--1339
 [][][] []
 []

[39]
Overfull \hbox (9.95747pt too wide) in alignment at lines 1362--1366
 [][][] []
 []


Overfull \hbox (7.09099pt too wide) detected at line 1379
[] \OT1/cmr/m/n/10.95 = \OMS/cmsy/m/n/10.95 ^^@\OT1/cmr/m/n/10.95 2\OML/cmm/m/i
t/10.95 w[]\OMS/cmsy/m/n/10.95 h\OML/cmm/m/it/10.95 c\OT1/cmr/m/n/10.95 (\OML/c
mm/m/it/10.95 j \OMS/cmsy/m/n/10.95 ^^@ \OML/cmm/m/it/10.95 k\OT1/cmr/m/n/10.95
 )\OMS/cmsy/m/n/10.95 i \OT1/cmr/m/n/10.95 + [](\OML/cmm/m/it/10.95 c\OT1/cmr/m
/n/10.95 (\OML/cmm/m/it/10.95 j \OT1/cmr/m/n/10.95 + 1 \OMS/cmsy/m/n/10.95 ^^@ 
\OML/cmm/m/it/10.95 k\OT1/cmr/m/n/10.95 ) + \OML/cmm/m/it/10.95 c\OT1/cmr/m/n/1
0.95 (\OML/cmm/m/it/10.95 j \OMS/cmsy/m/n/10.95 ^^@ \OT1/cmr/m/n/10.95 1 \OMS/c
msy/m/n/10.95 ^^@ \OML/cmm/m/it/10.95 k\OT1/cmr/m/n/10.95 ) + \OML/cmm/m/it/10.
95 c\OT1/cmr/m/n/10.95 (\OML/cmm/m/it/10.95 j \OMS/cmsy/m/n/10.95 ^^@ \OML/cmm/
m/it/10.95 k \OMS/cmsy/m/n/10.95 ^^@ \OT1/cmr/m/n/10.95 1) + \OML/cmm/m/it/10.9
5 c\OT1/cmr/m/n/10.95 (\OML/cmm/m/it/10.95 j \OMS/cmsy/m/n/10.95 ^^@ \OML/cmm/m
/it/10.95 k \OT1/cmr/m/n/10.95 + 1))\OML/cmm/m/it/10.95 :
 []

[40] [41]

LaTeX Warning: Reference `figls' on page 42 undefined on input line 1448.

[42]
Overfull \hbox (16.68674pt too wide) in paragraph at lines 1464--1466
\OT1/cmr/m/n/10.95 Note that if $\OML/cmm/m/it/10.95 M[] \OT1/cmr/m/n/10.95 = \
OML/cmm/m/it/10.95 O[]MO$\OT1/cmr/m/n/10.95 , where $\OML/cmm/m/it/10.95 O$ \OT
1/cmr/m/n/10.95 is an or-thog-o-nal ma-trix, then $[]\OML/cmm/m/it/10.95 M[] \O
T1/cmr/m/n/10.95 = []\OML/cmm/m/it/10.95 O[]MOO[]MO \OT1/cmr/m/n/10.95 =
 []

[43] [44] [45] [46]
Overfull \hbox (52.28645pt too wide) in alignment at lines 1638--1641
 [][][] []
 []

[47] [48] [49] [50]
Chapter 4.
[51

] [52] [53] [54] [55] [56]
Underfull \hbox (badness 10000) in paragraph at lines 1960--1963

 []

[57]
Overfull \hbox (80.39278pt too wide) in alignment at lines 1974--1977
 [][][] []
 []

[58] [59]
Underfull \hbox (badness 10000) in paragraph at lines 2061--2064

 []

[60] [61] [62] [63] (./dean.aux)

LaTeX Warning: There were undefined references.


LaTeX Warning: There were multiply-defined labels.

 ) 
Here is how much of TeX's memory you used:
 3571 strings out of 492609
 49906 string characters out of 6131462
 129438 words of memory out of 5000000
 7421 multiletter control sequences out of 15000+600000
 15233 words of font info for 56 fonts, out of 8000000 for 9000
 1141 hyphenation exceptions out of 8191
 42i,9n,27p,2245b,197s stack positions out of 5000i,500n,10000p,200000b,80000s
</usr/share/texlive/texmf-dist/fonts/type1/public/amsfonts/cm/cmbx10.pfb></us
r/share/texlive/texmf-dist/fonts/type1/public/amsfonts/cm/cmbx12.pfb></usr/shar
e/texlive/texmf-dist/fonts/type1/public/amsfonts/cm/cmbx8.pfb></usr/share/texli
ve/texmf-dist/fonts/type1/public/amsfonts/cm/cmex10.pfb></usr/share/texlive/tex
mf-dist/fonts/type1/public/amsfonts/cm/cmmi10.pfb></usr/share/texlive/texmf-dis
t/fonts/type1/public/amsfonts/cm/cmmi6.pfb></usr/share/texlive/texmf-dist/fonts
/type1/public/amsfonts/cm/cmmi8.pfb></usr/share/texlive/texmf-dist/fonts/type1/
public/amsfonts/cm/cmmib10.pfb></usr/share/texlive/texmf-dist/fonts/type1/publi
c/amsfonts/cm/cmr10.pfb></usr/share/texlive/texmf-dist/fonts/type1/public/amsfo
nts/cm/cmr12.pfb></usr/share/texlive/texmf-dist/fonts/type1/public/amsfonts/cm/
cmr17.pfb></usr/share/texlive/texmf-dist/fonts/type1/public/amsfonts/cm/cmr6.pf
b></usr/share/texlive/texmf-dist/fonts/type1/public/amsfonts/cm/cmr8.pfb></usr/
share/texlive/texmf-dist/fonts/type1/public/amsfonts/cm/cmsy10.pfb></usr/share/
texlive/texmf-dist/fonts/type1/public/amsfonts/cm/cmsy6.pfb></usr/share/texlive
/texmf-dist/fonts/type1/public/amsfonts/cm/cmsy8.pfb></usr/share/texlive/texmf-
dist/fonts/type1/public/amsfonts/cm/cmti10.pfb></usr/share/texlive/texmf-dist/f
onts/type1/public/amsfonts/cm/cmtt10.pfb></usr/share/texlive/texmf-dist/fonts/t
ype1/public/amsfonts/symbols/msbm10.pfb>
Output written on dean.pdf (64 pages, 401249 bytes).
PDF statistics:
 287 PDF objects out of 1000 (max. 8388607)
 200 compressed objects within 2 object streams
 0 named destinations out of 1000 (max. 500000)
 1 words of extra memory for PDF output out of 10000 (max. 10000000)

