\BOOKMARK [0][-]{chapter*.2}{Introduction}{}% 1
\BOOKMARK [0][-]{chapter.1}{\311quations dynamiques des syst\350mes statistiques}{}% 2
\BOOKMARK [1][-]{section.1.1}{\311quation dynamique d'un champ}{chapter.1}% 3
\BOOKMARK [2][-]{subsection.1.1.1}{Champ avec un nombre de degr\351s de libert\351 fini}{section.1.1}% 4
\BOOKMARK [2][-]{subsection.1.1.2}{Th\351orie statistique des champs}{section.1.1}% 5
\BOOKMARK [2][-]{subsection.1.1.3}{Mod\350le 4}{section.1.1}% 6
\BOOKMARK [2][-]{subsection.1.1.4}{Tension superficielle}{section.1.1}% 7
\BOOKMARK [1][-]{section.1.2}{Effets de taille finie}{chapter.1}% 8
\BOOKMARK [2][-]{subsection.1.2.1}{Hypothese d'invariance d'\351chelle}{section.1.2}% 9
\BOOKMARK [2][-]{subsection.1.2.2}{Pression de s\351paration et force de Casimir critique}{section.1.2}% 10
\BOOKMARK [2][-]{subsection.1.2.3}{Int\351gration sur le param\350tre d'ordre}{section.1.2}% 11
\BOOKMARK [1][-]{section.1.3}{Mod\350les d'interface}{chapter.1}% 12
\BOOKMARK [2][-]{subsection.1.3.1}{Mod\350le A}{section.1.3}% 13
\BOOKMARK [2][-]{subsection.1.3.2}{Mod\350le B}{section.1.3}% 14
\BOOKMARK [1][-]{section.1.4}{Syst\350mes hors \351quilibre}{chapter.1}% 15
\BOOKMARK [1][-]{section.1.5}{Conclusion}{chapter.1}% 16
\BOOKMARK [0][-]{chapter.2}{Mod\350les sur r\351seaux}{}% 17
\BOOKMARK [1][-]{section.2.1}{Le mod\350le d'Ising}{chapter.2}% 18
\BOOKMARK [2][-]{subsection.2.1.1}{Charact\351risation de l'interface}{section.2.1}% 19
\BOOKMARK [2][-]{subsection.2.1.2}{M\351thode de calcul de la force de Casimir}{section.2.1}% 20
\BOOKMARK [1][-]{section.2.2}{Mod\350le Solid-On-Solid}{chapter.2}% 21
\BOOKMARK [2][-]{subsection.2.2.1}{D\351finition du mod\350le}{section.2.2}% 22
\BOOKMARK [2][-]{subsection.2.2.2}{Ensemble grand-canonique et potentiel chimique}{section.2.2}% 23
\BOOKMARK [2][-]{subsection.2.2.3}{Matrice de Transfert}{section.2.2}% 24
\BOOKMARK [2][-]{subsection.2.2.4}{\311tats libres dans un syst\350me SOS infini}{section.2.2}% 25
\BOOKMARK [1][-]{section.2.3}{Conclusion}{chapter.2}% 26
\BOOKMARK [0][-]{chapter.3}{M\351thodes num\351riques}{}% 27
\BOOKMARK [1][-]{section.3.1}{Estimateur}{chapter.3}% 28
\BOOKMARK [1][-]{section.3.2}{Algorithme de Monte Carlo Metropolis}{chapter.3}% 29
\BOOKMARK [1][-]{section.3.3}{Algorithme de Glauber}{chapter.3}% 30
\BOOKMARK [1][-]{section.3.4}{Algorithme de Kawasaki}{chapter.3}% 31
\BOOKMARK [1][-]{section.3.5}{Tips and tricks}{chapter.3}% 32
\BOOKMARK [1][-]{section.3.6}{Conclusion}{chapter.3}% 33
\BOOKMARK [0][-]{chapter.4}{Effets de taille finie}{}% 34
\BOOKMARK [1][-]{section.4.1}{Limite thermodynamique}{chapter.4}% 35
\BOOKMARK [1][-]{section.4.2}{Effet Casimir}{chapter.4}% 36
\BOOKMARK [1][-]{section.4.3}{Hamiltonien de transition}{chapter.4}% 37
\BOOKMARK [1][-]{section.4.4}{Int\351gration sur le potentiel chimique}{chapter.4}% 38
\BOOKMARK [1][-]{section.4.5}{Conclusion}{chapter.4}% 39
\BOOKMARK [0][-]{chapter.5}{Interaction gaussienne avec champ magn\351tique confinant}{}% 40
\BOOKMARK [1][-]{section.5.1}{Interface statique}{chapter.5}% 41
\BOOKMARK [2][-]{subsection.5.1.1}{Distribution de probabilit\351 de l'interface}{section.5.1}% 42
\BOOKMARK [2][-]{subsection.5.1.2}{Fonction de corr\351lation}{section.5.1}% 43
\BOOKMARK [2][-]{subsection.5.1.3}{Tension superficielle effective}{section.5.1}% 44
\BOOKMARK [1][-]{section.5.2}{Interface hors-\351quilibre}{chapter.5}% 45
\BOOKMARK [1][-]{section.5.3}{Conclusion}{chapter.5}% 46
